{"/Users/mateomolina/Desktop/cocinacompartida/CocinaCompartida/cocina-compartida-api/src/app.controller.ts": {"path":"/Users/mateomolina/Desktop/cocinacompartida/CocinaCompartida/cocina-compartida-api/src/app.controller.ts","statementMap":{"0":{"start":{"line":1,"column":0},"end":{"line":1,"column":49}},"1":{"start":{"line":2,"column":0},"end":{"line":2,"column":43}},"2":{"start":{"line":5,"column":7},"end":{"line":12,"column":null}},"3":{"start":{"line":6,"column":31},"end":{"line":6,"column":43}},"4":{"start":{"line":10,"column":4},"end":{"line":10,"column":38}},"5":{"start":{"line":5,"column":13},"end":{"line":5,"column":26}},"6":{"start":{"line":9,"column":2},"end":{"line":11,"column":null}},"7":{"start":{"line":5,"column":13},"end":{"line":12,"column":null}}},"fnMap":{"0":{"name":"(anonymous_2)","decl":{"start":{"line":6,"column":2},"end":{"line":6,"column":31}},"loc":{"start":{"line":6,"column":53},"end":{"line":6,"column":57}}},"1":{"name":"(anonymous_3)","decl":{"start":{"line":9,"column":2},"end":{"line":9,"column":10}},"loc":{"start":{"line":9,"column":10},"end":{"line":11,"column":3}}}},"branchMap":{"0":{"loc":{"start":{"line":6,"column":43},"end":{"line":6,"column":56}},"type":"cond-expr","locations":[{"start":{"line":6,"column":53},"end":{"line":6,"column":56}},{"start":{"line":6,"column":53},"end":{"line":6,"column":56}}]},"1":{"loc":{"start":{"line":6,"column":43},"end":{"line":6,"column":53}},"type":"binary-expr","locations":[{"start":{"line":6,"column":43},"end":{"line":6,"column":56}},{"start":{"line":6,"column":43},"end":{"line":6,"column":53}}]}},"s":{"0":1,"1":1,"2":1,"3":1,"4":1,"5":1,"6":1,"7":1},"f":{"0":1,"1":1},"b":{"0":[1,0],"1":[1,1]}}
,"/Users/mateomolina/Desktop/cocinacompartida/CocinaCompartida/cocina-compartida-api/src/app.module.ts": {"path":"/Users/mateomolina/Desktop/cocinacompartida/CocinaCompartida/cocina-compartida-api/src/app.module.ts","statementMap":{"0":{"start":{"line":1,"column":0},"end":{"line":1,"column":40}},"1":{"start":{"line":4,"column":0},"end":{"line":4,"column":57}},"2":{"start":{"line":5,"column":0},"end":{"line":5,"column":48}},"3":{"start":{"line":6,"column":0},"end":{"line":6,"column":48}},"4":{"start":{"line":7,"column":0},"end":{"line":7,"column":46}},"5":{"start":{"line":8,"column":0},"end":{"line":8,"column":48}},"6":{"start":{"line":9,"column":0},"end":{"line":9,"column":57}},"7":{"start":{"line":10,"column":0},"end":{"line":10,"column":28}},"8":{"start":{"line":11,"column":0},"end":{"line":11,"column":57}},"9":{"start":{"line":44,"column":7},"end":{"line":44,"column":null}},"10":{"start":{"line":44,"column":13},"end":{"line":44,"column":22}},"11":{"start":{"line":44,"column":13},"end":{"line":44,"column":null}}},"fnMap":{},"branchMap":{"0":{"loc":{"start":{"line":18,"column":12},"end":{"line":18,"column":46}},"type":"binary-expr","locations":[{"start":{"line":18,"column":12},"end":{"line":18,"column":31}},{"start":{"line":18,"column":35},"end":{"line":18,"column":46}}]},"1":{"loc":{"start":{"line":19,"column":12},"end":{"line":19,"column":70}},"type":"cond-expr","locations":[{"start":{"line":19,"column":34},"end":{"line":19,"column":63}},{"start":{"line":19,"column":66},"end":{"line":19,"column":70}}]},"2":{"loc":{"start":{"line":20,"column":16},"end":{"line":20,"column":49}},"type":"binary-expr","locations":[{"start":{"line":20,"column":16},"end":{"line":20,"column":35}},{"start":{"line":20,"column":39},"end":{"line":20,"column":49}}]},"3":{"loc":{"start":{"line":21,"column":16},"end":{"line":21,"column":53}},"type":"binary-expr","locations":[{"start":{"line":21,"column":16},"end":{"line":21,"column":39}},{"start":{"line":21,"column":43},"end":{"line":21,"column":53}}]},"4":{"loc":{"start":{"line":22,"column":16},"end":{"line":22,"column":47}},"type":"binary-expr","locations":[{"start":{"line":22,"column":16},"end":{"line":22,"column":35}},{"start":{"line":22,"column":39},"end":{"line":22,"column":47}}]},"5":{"loc":{"start":{"line":25,"column":11},"end":{"line":27,"column":15}},"type":"cond-expr","locations":[{"start":{"line":26,"column":10},"end":{"line":26,"column":39}},{"start":{"line":27,"column":10},"end":{"line":27,"column":15}}]}},"s":{"0":0,"1":0,"2":0,"3":0,"4":0,"5":0,"6":0,"7":0,"8":0,"9":0,"10":0,"11":0},"f":{},"b":{"0":[0,0],"1":[0,0],"2":[0,0],"3":[0,0],"4":[0,0],"5":[0,0]}}
,"/Users/mateomolina/Desktop/cocinacompartida/CocinaCompartida/cocina-compartida-api/src/app.service.ts": {"path":"/Users/mateomolina/Desktop/cocinacompartida/CocinaCompartida/cocina-compartida-api/src/app.service.ts","statementMap":{"0":{"start":{"line":1,"column":0},"end":{"line":1,"column":44}},"1":{"start":{"line":4,"column":7},"end":{"line":8,"column":null}},"2":{"start":{"line":6,"column":4},"end":{"line":6,"column":26}},"3":{"start":{"line":4,"column":13},"end":{"line":4,"column":23}},"4":{"start":{"line":4,"column":13},"end":{"line":8,"column":null}}},"fnMap":{"0":{"name":"(anonymous_1)","decl":{"start":{"line":5,"column":2},"end":{"line":5,"column":10}},"loc":{"start":{"line":5,"column":10},"end":{"line":7,"column":3}}}},"branchMap":{},"s":{"0":1,"1":1,"2":1,"3":1,"4":1},"f":{"0":1},"b":{}}
,"/Users/mateomolina/Desktop/cocinacompartida/CocinaCompartida/cocina-compartida-api/src/main.ts": {"path":"/Users/mateomolina/Desktop/cocinacompartida/CocinaCompartida/cocina-compartida-api/src/main.ts","statementMap":{"0":{"start":{"line":1,"column":0},"end":{"line":1,"column":43}},"1":{"start":{"line":2,"column":0},"end":{"line":2,"column":48}},"2":{"start":{"line":3,"column":0},"end":{"line":3,"column":41}},"3":{"start":{"line":6,"column":14},"end":{"line":6,"column":49}},"4":{"start":{"line":8,"column":2},"end":{"line":8,"column":43}},"5":{"start":{"line":10,"column":2},"end":{"line":14,"column":5}},"6":{"start":{"line":16,"column":2},"end":{"line":16,"column":45}},"7":{"start":{"line":18,"column":0},"end":{"line":18,"column":12}}},"fnMap":{"0":{"name":"bootstrap","decl":{"start":{"line":5,"column":15},"end":{"line":5,"column":24}},"loc":{"start":{"line":5,"column":24},"end":{"line":17,"column":1}}}},"branchMap":{"0":{"loc":{"start":{"line":16,"column":19},"end":{"line":16,"column":43}},"type":"binary-expr","locations":[{"start":{"line":16,"column":19},"end":{"line":16,"column":35}},{"start":{"line":16,"column":39},"end":{"line":16,"column":43}}]}},"s":{"0":0,"1":0,"2":0,"3":0,"4":0,"5":0,"6":0,"7":0},"f":{"0":0},"b":{"0":[0,0]}}
,"/Users/mateomolina/Desktop/cocinacompartida/CocinaCompartida/cocina-compartida-api/src/auth/auth.controller.ts": {"path":"/Users/mateomolina/Desktop/cocinacompartida/CocinaCompartida/cocina-compartida-api/src/auth/auth.controller.ts","statementMap":{"0":{"start":{"line":1,"column":0},"end":{"line":1,"column":72}},"1":{"start":{"line":2,"column":0},"end":{"line":2,"column":45}},"2":{"start":{"line":3,"column":0},"end":{"line":3,"column":43}},"3":{"start":{"line":6,"column":7},"end":{"line":17,"column":null}},"4":{"start":{"line":7,"column":31},"end":{"line":7,"column":44}},"5":{"start":{"line":12,"column":4},"end":{"line":14,"column":5}},"6":{"start":{"line":13,"column":6},"end":{"line":13,"column":45}},"7":{"start":{"line":15,"column":4},"end":{"line":15,"column":71}},"8":{"start":{"line":6,"column":13},"end":{"line":6,"column":27}},"9":{"start":{"line":11,"column":2},"end":{"line":16,"column":null}},"10":{"start":{"line":6,"column":13},"end":{"line":17,"column":null}}},"fnMap":{"0":{"name":"(anonymous_4)","decl":{"start":{"line":7,"column":2},"end":{"line":7,"column":31}},"loc":{"start":{"line":7,"column":55},"end":{"line":7,"column":59}}},"1":{"name":"(anonymous_5)","decl":{"start":{"line":11,"column":2},"end":{"line":11,"column":7}},"loc":{"start":{"line":11,"column":33},"end":{"line":16,"column":3}}}},"branchMap":{"0":{"loc":{"start":{"line":12,"column":4},"end":{"line":14,"column":5}},"type":"if","locations":[{"start":{"line":12,"column":4},"end":{"line":14,"column":5}},{"start":{},"end":{}}]},"1":{"loc":{"start":{"line":12,"column":8},"end":{"line":12,"column":41}},"type":"binary-expr","locations":[{"start":{"line":12,"column":8},"end":{"line":12,"column":24}},{"start":{"line":12,"column":28},"end":{"line":12,"column":41}}]},"2":{"loc":{"start":{"line":11,"column":25},"end":{"line":11,"column":null}},"type":"cond-expr","locations":[{"start":{"line":11,"column":33},"end":{"line":11,"column":null}},{"start":{"line":11,"column":33},"end":{"line":11,"column":null}}]},"3":{"loc":{"start":{"line":11,"column":25},"end":{"line":11,"column":33}},"type":"binary-expr","locations":[{"start":{"line":11,"column":25},"end":{"line":11,"column":null}},{"start":{"line":11,"column":25},"end":{"line":11,"column":33}}]},"4":{"loc":{"start":{"line":7,"column":44},"end":{"line":7,"column":58}},"type":"cond-expr","locations":[{"start":{"line":7,"column":55},"end":{"line":7,"column":58}},{"start":{"line":7,"column":55},"end":{"line":7,"column":58}}]},"5":{"loc":{"start":{"line":7,"column":44},"end":{"line":7,"column":55}},"type":"binary-expr","locations":[{"start":{"line":7,"column":44},"end":{"line":7,"column":58}},{"start":{"line":7,"column":44},"end":{"line":7,"column":55}}]}},"s":{"0":0,"1":0,"2":0,"3":0,"4":0,"5":0,"6":0,"7":0,"8":0,"9":0,"10":0},"f":{"0":0,"1":0},"b":{"0":[0,0],"1":[0,0],"2":[0,0],"3":[0,0],"4":[0,0],"5":[0,0]}}
,"/Users/mateomolina/Desktop/cocinacompartida/CocinaCompartida/cocina-compartida-api/src/auth/auth.module.ts": {"path":"/Users/mateomolina/Desktop/cocinacompartida/CocinaCompartida/cocina-compartida-api/src/auth/auth.module.ts","statementMap":{"0":{"start":{"line":2,"column":0},"end":{"line":2,"column":52}},"1":{"start":{"line":3,"column":0},"end":{"line":3,"column":40}},"2":{"start":{"line":4,"column":0},"end":{"line":4,"column":45}},"3":{"start":{"line":5,"column":0},"end":{"line":5,"column":51}},"4":{"start":{"line":6,"column":0},"end":{"line":6,"column":49}},"5":{"start":{"line":21,"column":7},"end":{"line":21,"column":null}},"6":{"start":{"line":21,"column":13},"end":{"line":21,"column":23}},"7":{"start":{"line":21,"column":13},"end":{"line":21,"column":null}},"8":{"start":{"line":10,"column":21},"end":{"line":10,"column":31}}},"fnMap":{"0":{"name":"(anonymous_1)","decl":{"start":{"line":10,"column":15},"end":{"line":10,"column":18}},"loc":{"start":{"line":10,"column":21},"end":{"line":10,"column":31}}}},"branchMap":{},"s":{"0":0,"1":0,"2":0,"3":0,"4":0,"5":0,"6":0,"7":0,"8":0},"f":{"0":0},"b":{}}
,"/Users/mateomolina/Desktop/cocinacompartida/CocinaCompartida/cocina-compartida-api/src/auth/auth.service.ts": {"path":"/Users/mateomolina/Desktop/cocinacompartida/CocinaCompartida/cocina-compartida-api/src/auth/auth.service.ts","statementMap":{"0":{"start":{"line":1,"column":0},"end":{"line":1,"column":63}},"1":{"start":{"line":3,"column":0},"end":{"line":3,"column":52}},"2":{"start":{"line":4,"column":0},"end":{"line":4,"column":33}},"3":{"start":{"line":5,"column":0},"end":{"line":5,"column":41}},"4":{"start":{"line":8,"column":7},"end":{"line":40,"column":null}},"5":{"start":{"line":10,"column":12},"end":{"line":10,"column":25}},"6":{"start":{"line":11,"column":12},"end":{"line":11,"column":24}},"7":{"start":{"line":15,"column":17},"end":{"line":15,"column":66}},"8":{"start":{"line":17,"column":4},"end":{"line":19,"column":5}},"9":{"start":{"line":18,"column":6},"end":{"line":18,"column":69}},"10":{"start":{"line":21,"column":20},"end":{"line":21,"column":73}},"11":{"start":{"line":23,"column":4},"end":{"line":25,"column":5}},"12":{"start":{"line":24,"column":6},"end":{"line":24,"column":69}},"13":{"start":{"line":27,"column":20},"end":{"line":33,"column":6}},"14":{"start":{"line":35,"column":4},"end":{"line":38,"column":6}},"15":{"start":{"line":8,"column":13},"end":{"line":8,"column":24}},"16":{"start":{"line":8,"column":13},"end":{"line":40,"column":null}}},"fnMap":{"0":{"name":"(anonymous_11)","decl":{"start":{"line":9,"column":2},"end":{"line":9,"column":null}},"loc":{"start":{"line":11,"column":34},"end":{"line":12,"column":6}}},"1":{"name":"(anonymous_12)","decl":{"start":{"line":14,"column":2},"end":{"line":14,"column":7}},"loc":{"start":{"line":14,"column":31},"end":{"line":39,"column":3}}}},"branchMap":{"0":{"loc":{"start":{"line":17,"column":4},"end":{"line":19,"column":5}},"type":"if","locations":[{"start":{"line":17,"column":4},"end":{"line":19,"column":5}},{"start":{},"end":{}}]},"1":{"loc":{"start":{"line":23,"column":4},"end":{"line":25,"column":5}},"type":"if","locations":[{"start":{"line":23,"column":4},"end":{"line":25,"column":5}},{"start":{},"end":{}}]},"2":{"loc":{"start":{"line":10,"column":25},"end":{"line":10,"column":null}},"type":"cond-expr","locations":[{"start":{"line":10,"column":36},"end":{"line":10,"column":null}},{"start":{"line":10,"column":36},"end":{"line":10,"column":null}}]},"3":{"loc":{"start":{"line":10,"column":25},"end":{"line":10,"column":36}},"type":"binary-expr","locations":[{"start":{"line":10,"column":25},"end":{"line":10,"column":null}},{"start":{"line":10,"column":25},"end":{"line":10,"column":36}}]},"4":{"loc":{"start":{"line":10,"column":36},"end":{"line":11,"column":null}},"type":"cond-expr","locations":[{"start":{"line":11,"column":34},"end":{"line":11,"column":null}},{"start":{"line":11,"column":34},"end":{"line":11,"column":null}}]},"5":{"loc":{"start":{"line":10,"column":36},"end":{"line":11,"column":34}},"type":"binary-expr","locations":[{"start":{"line":10,"column":36},"end":{"line":11,"column":null}},{"start":{"line":11,"column":24},"end":{"line":11,"column":34}}]}},"s":{"0":0,"1":0,"2":0,"3":0,"4":0,"5":0,"6":0,"7":0,"8":0,"9":0,"10":0,"11":0,"12":0,"13":0,"14":0,"15":0,"16":0},"f":{"0":0,"1":0},"b":{"0":[0,0],"1":[0,0],"2":[0,0],"3":[0,0],"4":[0,0],"5":[0,0]}}
,"/Users/mateomolina/Desktop/cocinacompartida/CocinaCompartida/cocina-compartida-api/src/auth/dto/create-auth.dto.ts": {"path":"/Users/mateomolina/Desktop/cocinacompartida/CocinaCompartida/cocina-compartida-api/src/auth/dto/create-auth.dto.ts","statementMap":{"0":{"start":{"line":1,"column":0},"end":{"line":1,"column":13}}},"fnMap":{},"branchMap":{},"s":{"0":0},"f":{},"b":{}}
,"/Users/mateomolina/Desktop/cocinacompartida/CocinaCompartida/cocina-compartida-api/src/auth/dto/login.dto.ts": {"path":"/Users/mateomolina/Desktop/cocinacompartida/CocinaCompartida/cocina-compartida-api/src/auth/dto/login.dto.ts","statementMap":{"0":{"start":{"line":1,"column":0},"end":{"line":1,"column":13}}},"fnMap":{},"branchMap":{},"s":{"0":0},"f":{},"b":{}}
,"/Users/mateomolina/Desktop/cocinacompartida/CocinaCompartida/cocina-compartida-api/src/auth/dto/update-auth.dto.ts": {"path":"/Users/mateomolina/Desktop/cocinacompartida/CocinaCompartida/cocina-compartida-api/src/auth/dto/update-auth.dto.ts","statementMap":{"0":{"start":{"line":1,"column":0},"end":{"line":1,"column":51}},"1":{"start":{"line":2,"column":0},"end":{"line":2,"column":50}},"2":{"start":{"line":4,"column":0},"end":{"line":4,"column":13}}},"fnMap":{},"branchMap":{},"s":{"0":0,"1":0,"2":0},"f":{},"b":{}}
,"/Users/mateomolina/Desktop/cocinacompartida/CocinaCompartida/cocina-compartida-api/src/auth/entities/auth.entity.ts": {"path":"/Users/mateomolina/Desktop/cocinacompartida/CocinaCompartida/cocina-compartida-api/src/auth/entities/auth.entity.ts","statementMap":{"0":{"start":{"line":1,"column":0},"end":{"line":1,"column":13}}},"fnMap":{},"branchMap":{},"s":{"0":0},"f":{},"b":{}}
,"/Users/mateomolina/Desktop/cocinacompartida/CocinaCompartida/cocina-compartida-api/src/recipes/recipes.controller.ts": {"path":"/Users/mateomolina/Desktop/cocinacompartida/CocinaCompartida/cocina-compartida-api/src/recipes/recipes.controller.ts","statementMap":{"0":{"start":{"line":1,"column":0},"end":{"line":1,"column":null}},"1":{"start":{"line":16,"column":0},"end":{"line":16,"column":28}},"2":{"start":{"line":18,"column":0},"end":{"line":18,"column":51}},"3":{"start":{"line":19,"column":0},"end":{"line":19,"column":58}},"4":{"start":{"line":20,"column":0},"end":{"line":20,"column":58}},"5":{"start":{"line":21,"column":0},"end":{"line":21,"column":60}},"6":{"start":{"line":22,"column":0},"end":{"line":22,"column":52}},"7":{"start":{"line":23,"column":0},"end":{"line":23,"column":67}},"8":{"start":{"line":26,"column":7},"end":{"line":159,"column":null}},"9":{"start":{"line":27,"column":31},"end":{"line":27,"column":47}},"10":{"start":{"line":33,"column":4},"end":{"line":33,"column":53}},"11":{"start":{"line":39,"column":4},"end":{"line":39,"column":41}},"12":{"start":{"line":45,"column":4},"end":{"line":45,"column":46}},"13":{"start":{"line":51,"column":4},"end":{"line":51,"column":43}},"14":{"start":{"line":58,"column":4},"end":{"line":58,"column":57}},"15":{"start":{"line":66,"column":4},"end":{"line":66,"column":52}},"16":{"start":{"line":73,"column":4},"end":{"line":73,"column":64}},"17":{"start":{"line":78,"column":4},"end":{"line":78,"column":56}},"18":{"start":{"line":85,"column":4},"end":{"line":85,"column":66}},"19":{"start":{"line":92,"column":4},"end":{"line":92,"column":56}},"20":{"start":{"line":103,"column":19},"end":{"line":103,"column":56}},"21":{"start":{"line":106,"column":4},"end":{"line":121,"column":5}},"22":{"start":{"line":107,"column":6},"end":{"line":119,"column":7}},"23":{"start":{"line":108,"column":23},"end":{"line":108,"column":39}},"24":{"start":{"line":109,"column":25},"end":{"line":109,"column":48}},"25":{"start":{"line":110,"column":8},"end":{"line":112,"column":9}},"26":{"start":{"line":111,"column":10},"end":{"line":111,"column":77}},"27":{"start":{"line":113,"column":21},"end":{"line":113,"column":66}},"28":{"start":{"line":114,"column":8},"end":{"line":118,"column":11}},"29":{"start":{"line":115,"column":10},"end":{"line":117,"column":11}},"30":{"start":{"line":116,"column":12},"end":{"line":116,"column":63}},"31":{"start":{"line":124,"column":24},"end":{"line":124,"column":41}},"32":{"start":{"line":125,"column":16},"end":{"line":125,"column":59}},"33":{"start":{"line":127,"column":4},"end":{"line":127,"column":53}},"34":{"start":{"line":128,"column":21},"end":{"line":128,"column":88}},"35":{"start":{"line":129,"column":4},"end":{"line":129,"column":85}},"36":{"start":{"line":131,"column":4},"end":{"line":131,"column":18}},"37":{"start":{"line":133,"column":4},"end":{"line":133,"column":72}},"38":{"start":{"line":134,"column":4},"end":{"line":134,"column":19}},"39":{"start":{"line":136,"column":4},"end":{"line":139,"column":5}},"40":{"start":{"line":137,"column":6},"end":{"line":137,"column":48}},"41":{"start":{"line":138,"column":6},"end":{"line":138,"column":21}},"42":{"start":{"line":141,"column":4},"end":{"line":146,"column":5}},"43":{"start":{"line":142,"column":6},"end":{"line":142,"column":45}},"44":{"start":{"line":143,"column":6},"end":{"line":143,"column":23}},"45":{"start":{"line":144,"column":6},"end":{"line":144,"column":91}},"46":{"start":{"line":144,"column":61},"end":{"line":144,"column":89}},"47":{"start":{"line":145,"column":6},"end":{"line":145,"column":21}},"48":{"start":{"line":148,"column":4},"end":{"line":155,"column":5}},"49":{"start":{"line":149,"column":6},"end":{"line":149,"column":38}},"50":{"start":{"line":150,"column":6},"end":{"line":150,"column":23}},"51":{"start":{"line":151,"column":6},"end":{"line":154,"column":9}},"52":{"start":{"line":152,"column":8},"end":{"line":152,"column":38}},"53":{"start":{"line":153,"column":8},"end":{"line":153,"column":26}},"54":{"start":{"line":157,"column":4},"end":{"line":157,"column":14}},"55":{"start":{"line":26,"column":13},"end":{"line":26,"column":30}},"56":{"start":{"line":32,"column":2},"end":{"line":34,"column":null}},"57":{"start":{"line":38,"column":2},"end":{"line":40,"column":null}},"58":{"start":{"line":44,"column":2},"end":{"line":46,"column":null}},"59":{"start":{"line":50,"column":2},"end":{"line":52,"column":null}},"60":{"start":{"line":57,"column":2},"end":{"line":59,"column":null}},"61":{"start":{"line":65,"column":2},"end":{"line":67,"column":null}},"62":{"start":{"line":72,"column":2},"end":{"line":74,"column":null}},"63":{"start":{"line":77,"column":2},"end":{"line":79,"column":null}},"64":{"start":{"line":84,"column":2},"end":{"line":86,"column":null}},"65":{"start":{"line":91,"column":2},"end":{"line":93,"column":null}},"66":{"start":{"line":97,"column":8},"end":{"line":158,"column":null}},"67":{"start":{"line":26,"column":13},"end":{"line":159,"column":null}}},"fnMap":{"0":{"name":"(anonymous_4)","decl":{"start":{"line":27,"column":2},"end":{"line":27,"column":31}},"loc":{"start":{"line":27,"column":61},"end":{"line":27,"column":65}}},"1":{"name":"(anonymous_5)","decl":{"start":{"line":32,"column":2},"end":{"line":32,"column":8}},"loc":{"start":{"line":32,"column":49},"end":{"line":34,"column":3}}},"2":{"name":"(anonymous_6)","decl":{"start":{"line":38,"column":2},"end":{"line":38,"column":9}},"loc":{"start":{"line":38,"column":9},"end":{"line":40,"column":3}}},"3":{"name":"(anonymous_7)","decl":{"start":{"line":44,"column":2},"end":{"line":44,"column":14}},"loc":{"start":{"line":44,"column":14},"end":{"line":46,"column":3}}},"4":{"name":"(anonymous_8)","decl":{"start":{"line":50,"column":2},"end":{"line":50,"column":9}},"loc":{"start":{"line":50,"column":33},"end":{"line":52,"column":3}}},"5":{"name":"(anonymous_9)","decl":{"start":{"line":57,"column":2},"end":{"line":57,"column":8}},"loc":{"start":{"line":57,"column":74},"end":{"line":59,"column":3}}},"6":{"name":"(anonymous_10)","decl":{"start":{"line":65,"column":2},"end":{"line":65,"column":8}},"loc":{"start":{"line":65,"column":44},"end":{"line":67,"column":3}}},"7":{"name":"(anonymous_11)","decl":{"start":{"line":72,"column":2},"end":{"line":72,"column":12}},"loc":{"start":{"line":72,"column":79},"end":{"line":74,"column":3}}},"8":{"name":"(anonymous_12)","decl":{"start":{"line":77,"column":2},"end":{"line":77,"column":14}},"loc":{"start":{"line":77,"column":38},"end":{"line":79,"column":3}}},"9":{"name":"(anonymous_13)","decl":{"start":{"line":84,"column":2},"end":{"line":84,"column":15}},"loc":{"start":{"line":84,"column":65},"end":{"line":86,"column":3}}},"10":{"name":"(anonymous_14)","decl":{"start":{"line":91,"column":2},"end":{"line":91,"column":12}},"loc":{"start":{"line":91,"column":48},"end":{"line":93,"column":3}}},"11":{"name":"(anonymous_15)","decl":{"start":{"line":97,"column":8},"end":{"line":97,"column":16}},"loc":{"start":{"line":101,"column":24},"end":{"line":158,"column":3}}},"12":{"name":"(anonymous_16)","decl":{"start":{"line":114,"column":48},"end":{"line":114,"column":49}},"loc":{"start":{"line":114,"column":56},"end":{"line":118,"column":9}}},"13":{"name":"(anonymous_17)","decl":{"start":{"line":144,"column":33},"end":{"line":144,"column":34}},"loc":{"start":{"line":144,"column":61},"end":{"line":144,"column":89}}},"14":{"name":"(anonymous_18)","decl":{"start":{"line":151,"column":27},"end":{"line":151,"column":28}},"loc":{"start":{"line":151,"column":55},"end":{"line":154,"column":7}}}},"branchMap":{"0":{"loc":{"start":{"line":99,"column":21},"end":{"line":99,"column":43}},"type":"default-arg","locations":[{"start":{"line":99,"column":38},"end":{"line":99,"column":43}}]},"1":{"loc":{"start":{"line":106,"column":4},"end":{"line":121,"column":5}},"type":"if","locations":[{"start":{"line":106,"column":4},"end":{"line":121,"column":5}},{"start":{},"end":{}}]},"2":{"loc":{"start":{"line":107,"column":6},"end":{"line":119,"column":7}},"type":"if","locations":[{"start":{"line":107,"column":6},"end":{"line":119,"column":7}},{"start":{},"end":{}}]},"3":{"loc":{"start":{"line":107,"column":10},"end":{"line":107,"column":66}},"type":"binary-expr","locations":[{"start":{"line":107,"column":10},"end":{"line":107,"column":38}},{"start":{"line":107,"column":42},"end":{"line":107,"column":66}}]},"4":{"loc":{"start":{"line":110,"column":8},"end":{"line":112,"column":9}},"type":"if","locations":[{"start":{"line":110,"column":8},"end":{"line":112,"column":9}},{"start":{},"end":{}}]},"5":{"loc":{"start":{"line":115,"column":10},"end":{"line":117,"column":11}},"type":"if","locations":[{"start":{"line":115,"column":10},"end":{"line":117,"column":11}},{"start":{},"end":{}}]},"6":{"loc":{"start":{"line":128,"column":22},"end":{"line":128,"column":45}},"type":"binary-expr","locations":[{"start":{"line":128,"column":22},"end":{"line":128,"column":33}},{"start":{"line":128,"column":37},"end":{"line":128,"column":45}}]},"7":{"loc":{"start":{"line":133,"column":26},"end":{"line":133,"column":49}},"type":"binary-expr","locations":[{"start":{"line":133,"column":26},"end":{"line":133,"column":37}},{"start":{"line":133,"column":41},"end":{"line":133,"column":49}}]},"8":{"loc":{"start":{"line":136,"column":4},"end":{"line":139,"column":5}},"type":"if","locations":[{"start":{"line":136,"column":4},"end":{"line":139,"column":5}},{"start":{},"end":{}}]},"9":{"loc":{"start":{"line":141,"column":4},"end":{"line":146,"column":5}},"type":"if","locations":[{"start":{"line":141,"column":4},"end":{"line":146,"column":5}},{"start":{},"end":{}}]},"10":{"loc":{"start":{"line":141,"column":8},"end":{"line":141,"column":70}},"type":"binary-expr","locations":[{"start":{"line":141,"column":8},"end":{"line":141,"column":41}},{"start":{"line":141,"column":45},"end":{"line":141,"column":70}}]},"11":{"loc":{"start":{"line":148,"column":4},"end":{"line":155,"column":5}},"type":"if","locations":[{"start":{"line":148,"column":4},"end":{"line":155,"column":5}},{"start":{},"end":{}}]},"12":{"loc":{"start":{"line":148,"column":8},"end":{"line":148,"column":58}},"type":"binary-expr","locations":[{"start":{"line":148,"column":8},"end":{"line":148,"column":35}},{"start":{"line":148,"column":39},"end":{"line":148,"column":58}}]},"13":{"loc":{"start":{"line":32,"column":22},"end":{"line":32,"column":40}},"type":"cond-expr","locations":[{"start":{"line":32,"column":37},"end":{"line":32,"column":40}},{"start":{"line":32,"column":37},"end":{"line":32,"column":40}}]},"14":{"loc":{"start":{"line":32,"column":22},"end":{"line":32,"column":37}},"type":"binary-expr","locations":[{"start":{"line":32,"column":22},"end":{"line":32,"column":40}},{"start":{"line":32,"column":22},"end":{"line":32,"column":37}}]},"15":{"loc":{"start":{"line":57,"column":47},"end":{"line":57,"column":65}},"type":"cond-expr","locations":[{"start":{"line":57,"column":62},"end":{"line":57,"column":65}},{"start":{"line":57,"column":62},"end":{"line":57,"column":65}}]},"16":{"loc":{"start":{"line":57,"column":47},"end":{"line":57,"column":62}},"type":"binary-expr","locations":[{"start":{"line":57,"column":47},"end":{"line":57,"column":65}},{"start":{"line":57,"column":47},"end":{"line":57,"column":62}}]},"17":{"loc":{"start":{"line":72,"column":51},"end":{"line":72,"column":70}},"type":"cond-expr","locations":[{"start":{"line":72,"column":67},"end":{"line":72,"column":70}},{"start":{"line":72,"column":67},"end":{"line":72,"column":70}}]},"18":{"loc":{"start":{"line":72,"column":51},"end":{"line":72,"column":67}},"type":"binary-expr","locations":[{"start":{"line":72,"column":51},"end":{"line":72,"column":70}},{"start":{"line":72,"column":51},"end":{"line":72,"column":67}}]},"19":{"loc":{"start":{"line":27,"column":47},"end":{"line":27,"column":64}},"type":"cond-expr","locations":[{"start":{"line":27,"column":61},"end":{"line":27,"column":64}},{"start":{"line":27,"column":61},"end":{"line":27,"column":64}}]},"20":{"loc":{"start":{"line":27,"column":47},"end":{"line":27,"column":61}},"type":"binary-expr","locations":[{"start":{"line":27,"column":47},"end":{"line":27,"column":64}},{"start":{"line":27,"column":47},"end":{"line":27,"column":61}}]}},"s":{"0":0,"1":0,"2":0,"3":0,"4":0,"5":0,"6":0,"7":0,"8":0,"9":0,"10":0,"11":0,"12":0,"13":0,"14":0,"15":0,"16":0,"17":0,"18":0,"19":0,"20":0,"21":0,"22":0,"23":0,"24":0,"25":0,"26":0,"27":0,"28":0,"29":0,"30":0,"31":0,"32":0,"33":0,"34":0,"35":0,"36":0,"37":0,"38":0,"39":0,"40":0,"41":0,"42":0,"43":0,"44":0,"45":0,"46":0,"47":0,"48":0,"49":0,"50":0,"51":0,"52":0,"53":0,"54":0,"55":0,"56":0,"57":0,"58":0,"59":0,"60":0,"61":0,"62":0,"63":0,"64":0,"65":0,"66":0,"67":0},"f":{"0":0,"1":0,"2":0,"3":0,"4":0,"5":0,"6":0,"7":0,"8":0,"9":0,"10":0,"11":0,"12":0,"13":0,"14":0},"b":{"0":[0],"1":[0,0],"2":[0,0],"3":[0,0],"4":[0,0],"5":[0,0],"6":[0,0],"7":[0,0],"8":[0,0],"9":[0,0],"10":[0,0],"11":[0,0],"12":[0,0],"13":[0,0],"14":[0,0],"15":[0,0],"16":[0,0],"17":[0,0],"18":[0,0],"19":[0,0],"20":[0,0]}}
,"/Users/mateomolina/Desktop/cocinacompartida/CocinaCompartida/cocina-compartida-api/src/recipes/recipes.module.ts": {"path":"/Users/mateomolina/Desktop/cocinacompartida/CocinaCompartida/cocina-compartida-api/src/recipes/recipes.module.ts","statementMap":{"0":{"start":{"line":2,"column":0},"end":{"line":2,"column":52}},"1":{"start":{"line":3,"column":0},"end":{"line":3,"column":48}},"2":{"start":{"line":4,"column":0},"end":{"line":4,"column":51}},"3":{"start":{"line":5,"column":0},"end":{"line":5,"column":57}},"4":{"start":{"line":6,"column":0},"end":{"line":6,"column":50}},"5":{"start":{"line":7,"column":0},"end":{"line":7,"column":52}},"6":{"start":{"line":8,"column":0},"end":{"line":8,"column":49}},"7":{"start":{"line":9,"column":0},"end":{"line":9,"column":66}},"8":{"start":{"line":20,"column":7},"end":{"line":20,"column":null}},"9":{"start":{"line":20,"column":13},"end":{"line":20,"column":26}},"10":{"start":{"line":20,"column":13},"end":{"line":20,"column":null}},"11":{"start":{"line":14,"column":21},"end":{"line":14,"column":31}}},"fnMap":{"0":{"name":"(anonymous_1)","decl":{"start":{"line":14,"column":15},"end":{"line":14,"column":18}},"loc":{"start":{"line":14,"column":21},"end":{"line":14,"column":31}}}},"branchMap":{},"s":{"0":0,"1":0,"2":0,"3":0,"4":0,"5":0,"6":0,"7":0,"8":0,"9":0,"10":0,"11":0},"f":{"0":0},"b":{}}
,"/Users/mateomolina/Desktop/cocinacompartida/CocinaCompartida/cocina-compartida-api/src/recipes/recipes.service.ts": {"path":"/Users/mateomolina/Desktop/cocinacompartida/CocinaCompartida/cocina-compartida-api/src/recipes/recipes.service.ts","statementMap":{"0":{"start":{"line":1,"column":0},"end":{"line":1,"column":null}},"1":{"start":{"line":6,"column":0},"end":{"line":6,"column":51}},"2":{"start":{"line":7,"column":0},"end":{"line":7,"column":37}},"3":{"start":{"line":8,"column":0},"end":{"line":8,"column":50}},"4":{"start":{"line":9,"column":0},"end":{"line":9,"column":52}},"5":{"start":{"line":16,"column":7},"end":{"line":159,"column":null}},"6":{"start":{"line":19,"column":21},"end":{"line":19,"column":39}},"7":{"start":{"line":21,"column":21},"end":{"line":21,"column":40}},"8":{"start":{"line":26,"column":19},"end":{"line":31,"column":6}},"9":{"start":{"line":33,"column":4},"end":{"line":33,"column":52}},"10":{"start":{"line":38,"column":4},"end":{"line":41,"column":7}},"11":{"start":{"line":46,"column":4},"end":{"line":50,"column":7}},"12":{"start":{"line":55,"column":19},"end":{"line":58,"column":6}},"13":{"start":{"line":60,"column":4},"end":{"line":62,"column":5}},"14":{"start":{"line":61,"column":6},"end":{"line":61,"column":70}},"15":{"start":{"line":63,"column":4},"end":{"line":63,"column":18}},"16":{"start":{"line":72,"column":19},"end":{"line":72,"column":41}},"17":{"start":{"line":74,"column":4},"end":{"line":76,"column":5}},"18":{"start":{"line":75,"column":6},"end":{"line":75,"column":75}},"19":{"start":{"line":78,"column":4},"end":{"line":78,"column":43}},"20":{"start":{"line":79,"column":4},"end":{"line":79,"column":52}},"21":{"start":{"line":84,"column":19},"end":{"line":84,"column":41}},"22":{"start":{"line":86,"column":4},"end":{"line":88,"column":5}},"23":{"start":{"line":87,"column":6},"end":{"line":87,"column":75}},"24":{"start":{"line":90,"column":4},"end":{"line":90,"column":47}},"25":{"start":{"line":98,"column":19},"end":{"line":98,"column":41}},"26":{"start":{"line":100,"column":4},"end":{"line":102,"column":5}},"27":{"start":{"line":101,"column":6},"end":{"line":101,"column":26}},"28":{"start":{"line":104,"column":21},"end":{"line":104,"column":53}},"29":{"start":{"line":106,"column":4},"end":{"line":110,"column":5}},"30":{"start":{"line":107,"column":6},"end":{"line":107,"column":67}},"31":{"start":{"line":107,"column":52},"end":{"line":107,"column":65}},"32":{"start":{"line":109,"column":6},"end":{"line":109,"column":35}},"33":{"start":{"line":112,"column":4},"end":{"line":112,"column":41}},"34":{"start":{"line":114,"column":4},"end":{"line":114,"column":45}},"35":{"start":{"line":115,"column":4},"end":{"line":115,"column":60}},"36":{"start":{"line":123,"column":19},"end":{"line":123,"column":47}},"37":{"start":{"line":125,"column":20},"end":{"line":129,"column":6}},"38":{"start":{"line":131,"column":4},"end":{"line":131,"column":54}},"39":{"start":{"line":135,"column":4},"end":{"line":135,"column":33}},"40":{"start":{"line":136,"column":4},"end":{"line":140,"column":7}},"41":{"start":{"line":144,"column":20},"end":{"line":147,"column":6}},"42":{"start":{"line":149,"column":4},"end":{"line":151,"column":5}},"43":{"start":{"line":150,"column":6},"end":{"line":150,"column":78}},"44":{"start":{"line":153,"column":4},"end":{"line":155,"column":5}},"45":{"start":{"line":154,"column":6},"end":{"line":154,"column":76}},"46":{"start":{"line":157,"column":4},"end":{"line":157,"column":49}},"47":{"start":{"line":16,"column":13},"end":{"line":16,"column":27}},"48":{"start":{"line":16,"column":13},"end":{"line":159,"column":null}}},"fnMap":{"0":{"name":"(anonymous_4)","decl":{"start":{"line":17,"column":2},"end":{"line":17,"column":null}},"loc":{"start":{"line":21,"column":59},"end":{"line":22,"column":6}}},"1":{"name":"(anonymous_5)","decl":{"start":{"line":25,"column":2},"end":{"line":25,"column":7}},"loc":{"start":{"line":25,"column":59},"end":{"line":34,"column":3}}},"2":{"name":"(anonymous_6)","decl":{"start":{"line":37,"column":2},"end":{"line":37,"column":7}},"loc":{"start":{"line":37,"column":15},"end":{"line":42,"column":3}}},"3":{"name":"(anonymous_7)","decl":{"start":{"line":45,"column":2},"end":{"line":45,"column":7}},"loc":{"start":{"line":45,"column":38},"end":{"line":51,"column":3}}},"4":{"name":"(anonymous_8)","decl":{"start":{"line":54,"column":2},"end":{"line":54,"column":7}},"loc":{"start":{"line":54,"column":26},"end":{"line":64,"column":3}}},"5":{"name":"(anonymous_9)","decl":{"start":{"line":67,"column":2},"end":{"line":67,"column":7}},"loc":{"start":{"line":70,"column":14},"end":{"line":80,"column":3}}},"6":{"name":"(anonymous_10)","decl":{"start":{"line":83,"column":2},"end":{"line":83,"column":7}},"loc":{"start":{"line":83,"column":37},"end":{"line":91,"column":3}}},"7":{"name":"(anonymous_11)","decl":{"start":{"line":94,"column":2},"end":{"line":94,"column":7}},"loc":{"start":{"line":96,"column":14},"end":{"line":116,"column":3}}},"8":{"name":"(anonymous_12)","decl":{"start":{"line":107,"column":45},"end":{"line":107,"column":46}},"loc":{"start":{"line":107,"column":52},"end":{"line":107,"column":65}}},"9":{"name":"(anonymous_13)","decl":{"start":{"line":118,"column":2},"end":{"line":118,"column":7}},"loc":{"start":{"line":121,"column":14},"end":{"line":132,"column":3}}},"10":{"name":"(anonymous_14)","decl":{"start":{"line":134,"column":2},"end":{"line":134,"column":7}},"loc":{"start":{"line":134,"column":45},"end":{"line":141,"column":3}}},"11":{"name":"(anonymous_15)","decl":{"start":{"line":143,"column":2},"end":{"line":143,"column":7}},"loc":{"start":{"line":143,"column":51},"end":{"line":158,"column":3}}}},"branchMap":{"0":{"loc":{"start":{"line":45,"column":21},"end":{"line":45,"column":38}},"type":"default-arg","locations":[{"start":{"line":45,"column":37},"end":{"line":45,"column":38}}]},"1":{"loc":{"start":{"line":60,"column":4},"end":{"line":62,"column":5}},"type":"if","locations":[{"start":{"line":60,"column":4},"end":{"line":62,"column":5}},{"start":{},"end":{}}]},"2":{"loc":{"start":{"line":74,"column":4},"end":{"line":76,"column":5}},"type":"if","locations":[{"start":{"line":74,"column":4},"end":{"line":76,"column":5}},{"start":{},"end":{}}]},"3":{"loc":{"start":{"line":86,"column":4},"end":{"line":88,"column":5}},"type":"if","locations":[{"start":{"line":86,"column":4},"end":{"line":88,"column":5}},{"start":{},"end":{}}]},"4":{"loc":{"start":{"line":100,"column":4},"end":{"line":102,"column":5}},"type":"if","locations":[{"start":{"line":100,"column":4},"end":{"line":102,"column":5}},{"start":{},"end":{}}]},"5":{"loc":{"start":{"line":106,"column":4},"end":{"line":110,"column":5}},"type":"if","locations":[{"start":{"line":106,"column":4},"end":{"line":110,"column":5}},{"start":{"line":108,"column":11},"end":{"line":110,"column":5}}]},"6":{"loc":{"start":{"line":149,"column":4},"end":{"line":151,"column":5}},"type":"if","locations":[{"start":{"line":149,"column":4},"end":{"line":151,"column":5}},{"start":{},"end":{}}]},"7":{"loc":{"start":{"line":153,"column":4},"end":{"line":155,"column":5}},"type":"if","locations":[{"start":{"line":153,"column":4},"end":{"line":155,"column":5}},{"start":{},"end":{}}]},"8":{"loc":{"start":{"line":19,"column":39},"end":{"line":19,"column":57}},"type":"cond-expr","locations":[{"start":{"line":19,"column":49},"end":{"line":19,"column":57}},{"start":{"line":19,"column":49},"end":{"line":19,"column":57}}]},"9":{"loc":{"start":{"line":19,"column":39},"end":{"line":19,"column":49}},"type":"binary-expr","locations":[{"start":{"line":19,"column":39},"end":{"line":19,"column":57}},{"start":{"line":19,"column":39},"end":{"line":19,"column":49}}]},"10":{"loc":{"start":{"line":19,"column":49},"end":{"line":21,"column":59}},"type":"cond-expr","locations":[{"start":{"line":21,"column":50},"end":{"line":21,"column":59}},{"start":{"line":21,"column":50},"end":{"line":21,"column":59}}]},"11":{"loc":{"start":{"line":19,"column":49},"end":{"line":21,"column":50}},"type":"binary-expr","locations":[{"start":{"line":19,"column":49},"end":{"line":21,"column":59}},{"start":{"line":21,"column":40},"end":{"line":21,"column":50}}]}},"s":{"0":0,"1":0,"2":0,"3":0,"4":0,"5":0,"6":0,"7":0,"8":0,"9":0,"10":0,"11":0,"12":0,"13":0,"14":0,"15":0,"16":0,"17":0,"18":0,"19":0,"20":0,"21":0,"22":0,"23":0,"24":0,"25":0,"26":0,"27":0,"28":0,"29":0,"30":0,"31":0,"32":0,"33":0,"34":0,"35":0,"36":0,"37":0,"38":0,"39":0,"40":0,"41":0,"42":0,"43":0,"44":0,"45":0,"46":0,"47":0,"48":0},"f":{"0":0,"1":0,"2":0,"3":0,"4":0,"5":0,"6":0,"7":0,"8":0,"9":0,"10":0,"11":0},"b":{"0":[0],"1":[0,0],"2":[0,0],"3":[0,0],"4":[0,0],"5":[0,0],"6":[0,0],"7":[0,0],"8":[0,0],"9":[0,0],"10":[0,0],"11":[0,0]}}
,"/Users/mateomolina/Desktop/cocinacompartida/CocinaCompartida/cocina-compartida-api/src/recipes/dto/create-comment.dto.ts": {"path":"/Users/mateomolina/Desktop/cocinacompartida/CocinaCompartida/cocina-compartida-api/src/recipes/dto/create-comment.dto.ts","statementMap":{"0":{"start":{"line":1,"column":0},"end":{"line":1,"column":55}},"1":{"start":{"line":3,"column":0},"end":{"line":3,"column":13}},"2":{"start":{"line":6,"column":2},"end":{"line":6,"column":null}}},"fnMap":{},"branchMap":{},"s":{"0":0,"1":0,"2":0},"f":{},"b":{}}
,"/Users/mateomolina/Desktop/cocinacompartida/CocinaCompartida/cocina-compartida-api/src/recipes/dto/create-recipe.dto.ts": {"path":"/Users/mateomolina/Desktop/cocinacompartida/CocinaCompartida/cocina-compartida-api/src/recipes/dto/create-recipe.dto.ts","statementMap":{"0":{"start":{"line":2,"column":0},"end":{"line":2,"column":78}},"1":{"start":{"line":4,"column":0},"end":{"line":4,"column":13}},"2":{"start":{"line":6,"column":2},"end":{"line":6,"column":null}},"3":{"start":{"line":9,"column":2},"end":{"line":9,"column":null}},"4":{"start":{"line":13,"column":2},"end":{"line":13,"column":null}},"5":{"start":{"line":17,"column":2},"end":{"line":17,"column":null}},"6":{"start":{"line":21,"column":2},"end":{"line":21,"column":null}}},"fnMap":{},"branchMap":{},"s":{"0":0,"1":0,"2":0,"3":0,"4":0,"5":0,"6":0},"f":{},"b":{}}
,"/Users/mateomolina/Desktop/cocinacompartida/CocinaCompartida/cocina-compartida-api/src/recipes/dto/update-recipe.dto.ts": {"path":"/Users/mateomolina/Desktop/cocinacompartida/CocinaCompartida/cocina-compartida-api/src/recipes/dto/update-recipe.dto.ts","statementMap":{"0":{"start":{"line":1,"column":0},"end":{"line":1,"column":51}},"1":{"start":{"line":2,"column":0},"end":{"line":2,"column":54}},"2":{"start":{"line":4,"column":0},"end":{"line":4,"column":13}}},"fnMap":{},"branchMap":{},"s":{"0":0,"1":0,"2":0},"f":{},"b":{}}
,"/Users/mateomolina/Desktop/cocinacompartida/CocinaCompartida/cocina-compartida-api/src/recipes/entities/comment.entity.ts": {"path":"/Users/mateomolina/Desktop/cocinacompartida/CocinaCompartida/cocina-compartida-api/src/recipes/entities/comment.entity.ts","statementMap":{"0":{"start":{"line":1,"column":0},"end":{"line":1,"column":null}},"1":{"start":{"line":9,"column":0},"end":{"line":9,"column":53}},"2":{"start":{"line":10,"column":0},"end":{"line":10,"column":41}},"3":{"start":{"line":13,"column":7},"end":{"line":31,"column":null}},"4":{"start":{"line":13,"column":13},"end":{"line":13,"column":20}},"5":{"start":{"line":15,"column":2},"end":{"line":15,"column":null}},"6":{"start":{"line":18,"column":2},"end":{"line":18,"column":null}},"7":{"start":{"line":21,"column":2},"end":{"line":21,"column":null}},"8":{"start":{"line":20,"column":19},"end":{"line":20,"column":23}},"9":{"start":{"line":20,"column":35},"end":{"line":20,"column":48}},"10":{"start":{"line":24,"column":2},"end":{"line":24,"column":null}},"11":{"start":{"line":23,"column":19},"end":{"line":23,"column":25}},"12":{"start":{"line":23,"column":39},"end":{"line":23,"column":54}},"13":{"start":{"line":27,"column":2},"end":{"line":27,"column":null}},"14":{"start":{"line":30,"column":2},"end":{"line":30,"column":null}},"15":{"start":{"line":13,"column":13},"end":{"line":31,"column":null}}},"fnMap":{"0":{"name":"(anonymous_2)","decl":{"start":{"line":20,"column":13},"end":{"line":20,"column":16}},"loc":{"start":{"line":20,"column":19},"end":{"line":20,"column":23}}},"1":{"name":"(anonymous_3)","decl":{"start":{"line":20,"column":25},"end":{"line":20,"column":26}},"loc":{"start":{"line":20,"column":35},"end":{"line":20,"column":48}}},"2":{"name":"(anonymous_4)","decl":{"start":{"line":23,"column":13},"end":{"line":23,"column":16}},"loc":{"start":{"line":23,"column":19},"end":{"line":23,"column":25}}},"3":{"name":"(anonymous_5)","decl":{"start":{"line":23,"column":27},"end":{"line":23,"column":28}},"loc":{"start":{"line":23,"column":39},"end":{"line":23,"column":54}}}},"branchMap":{"0":{"loc":{"start":{"line":21,"column":8},"end":{"line":21,"column":13}},"type":"cond-expr","locations":[{"start":{"line":21,"column":12},"end":{"line":21,"column":13}},{"start":{"line":21,"column":12},"end":{"line":21,"column":13}}]},"1":{"loc":{"start":{"line":21,"column":8},"end":{"line":21,"column":12}},"type":"binary-expr","locations":[{"start":{"line":21,"column":8},"end":{"line":21,"column":13}},{"start":{"line":21,"column":8},"end":{"line":21,"column":12}}]},"2":{"loc":{"start":{"line":24,"column":10},"end":{"line":24,"column":17}},"type":"cond-expr","locations":[{"start":{"line":24,"column":16},"end":{"line":24,"column":17}},{"start":{"line":24,"column":16},"end":{"line":24,"column":17}}]},"3":{"loc":{"start":{"line":24,"column":10},"end":{"line":24,"column":16}},"type":"binary-expr","locations":[{"start":{"line":24,"column":10},"end":{"line":24,"column":17}},{"start":{"line":24,"column":10},"end":{"line":24,"column":16}}]},"4":{"loc":{"start":{"line":27,"column":13},"end":{"line":27,"column":18}},"type":"cond-expr","locations":[{"start":{"line":27,"column":17},"end":{"line":27,"column":18}},{"start":{"line":27,"column":17},"end":{"line":27,"column":18}}]},"5":{"loc":{"start":{"line":27,"column":13},"end":{"line":27,"column":17}},"type":"binary-expr","locations":[{"start":{"line":27,"column":13},"end":{"line":27,"column":18}},{"start":{"line":27,"column":13},"end":{"line":27,"column":17}}]},"6":{"loc":{"start":{"line":30,"column":13},"end":{"line":30,"column":18}},"type":"cond-expr","locations":[{"start":{"line":30,"column":17},"end":{"line":30,"column":18}},{"start":{"line":30,"column":17},"end":{"line":30,"column":18}}]},"7":{"loc":{"start":{"line":30,"column":13},"end":{"line":30,"column":17}},"type":"binary-expr","locations":[{"start":{"line":30,"column":13},"end":{"line":30,"column":18}},{"start":{"line":30,"column":13},"end":{"line":30,"column":17}}]}},"s":{"0":0,"1":0,"2":0,"3":0,"4":0,"5":0,"6":0,"7":0,"8":0,"9":0,"10":0,"11":0,"12":0,"13":0,"14":0,"15":0},"f":{"0":0,"1":0,"2":0,"3":0},"b":{"0":[0,0],"1":[0,0],"2":[0,0],"3":[0,0],"4":[0,0],"5":[0,0],"6":[0,0],"7":[0,0]}}
,"/Users/mateomolina/Desktop/cocinacompartida/CocinaCompartida/cocina-compartida-api/src/recipes/entities/recipe.entity.ts": {"path":"/Users/mateomolina/Desktop/cocinacompartida/CocinaCompartida/cocina-compartida-api/src/recipes/entities/recipe.entity.ts","statementMap":{"0":{"start":{"line":1,"column":0},"end":{"line":1,"column":null}},"1":{"start":{"line":10,"column":0},"end":{"line":10,"column":53}},"2":{"start":{"line":11,"column":0},"end":{"line":11,"column":43}},"3":{"start":{"line":14,"column":7},"end":{"line":50,"column":null}},"4":{"start":{"line":14,"column":13},"end":{"line":14,"column":19}},"5":{"start":{"line":16,"column":2},"end":{"line":16,"column":null}},"6":{"start":{"line":19,"column":2},"end":{"line":19,"column":null}},"7":{"start":{"line":22,"column":2},"end":{"line":22,"column":null}},"8":{"start":{"line":25,"column":2},"end":{"line":25,"column":null}},"9":{"start":{"line":28,"column":2},"end":{"line":28,"column":null}},"10":{"start":{"line":31,"column":2},"end":{"line":31,"column":null}},"11":{"start":{"line":34,"column":2},"end":{"line":34,"column":null}},"12":{"start":{"line":33,"column":19},"end":{"line":33,"column":23}},"13":{"start":{"line":33,"column":32},"end":{"line":33,"column":41}},"14":{"start":{"line":37,"column":2},"end":{"line":37,"column":null}},"15":{"start":{"line":36,"column":19},"end":{"line":36,"column":26}},"16":{"start":{"line":36,"column":35},"end":{"line":36,"column":43}},"17":{"start":{"line":40,"column":2},"end":{"line":40,"column":null}},"18":{"start":{"line":43,"column":2},"end":{"line":43,"column":null}},"19":{"start":{"line":46,"column":2},"end":{"line":46,"column":null}},"20":{"start":{"line":49,"column":2},"end":{"line":49,"column":null}},"21":{"start":{"line":14,"column":13},"end":{"line":50,"column":null}}},"fnMap":{"0":{"name":"(anonymous_2)","decl":{"start":{"line":33,"column":13},"end":{"line":33,"column":16}},"loc":{"start":{"line":33,"column":19},"end":{"line":33,"column":23}}},"1":{"name":"(anonymous_3)","decl":{"start":{"line":33,"column":25},"end":{"line":33,"column":26}},"loc":{"start":{"line":33,"column":32},"end":{"line":33,"column":41}}},"2":{"name":"(anonymous_4)","decl":{"start":{"line":36,"column":13},"end":{"line":36,"column":16}},"loc":{"start":{"line":36,"column":19},"end":{"line":36,"column":26}}},"3":{"name":"(anonymous_5)","decl":{"start":{"line":36,"column":28},"end":{"line":36,"column":29}},"loc":{"start":{"line":36,"column":35},"end":{"line":36,"column":43}}}},"branchMap":{"0":{"loc":{"start":{"line":34,"column":8},"end":{"line":34,"column":13}},"type":"cond-expr","locations":[{"start":{"line":34,"column":12},"end":{"line":34,"column":13}},{"start":{"line":34,"column":12},"end":{"line":34,"column":13}}]},"1":{"loc":{"start":{"line":34,"column":8},"end":{"line":34,"column":12}},"type":"binary-expr","locations":[{"start":{"line":34,"column":8},"end":{"line":34,"column":13}},{"start":{"line":34,"column":8},"end":{"line":34,"column":12}}]},"2":{"loc":{"start":{"line":46,"column":13},"end":{"line":46,"column":18}},"type":"cond-expr","locations":[{"start":{"line":46,"column":17},"end":{"line":46,"column":18}},{"start":{"line":46,"column":17},"end":{"line":46,"column":18}}]},"3":{"loc":{"start":{"line":46,"column":13},"end":{"line":46,"column":17}},"type":"binary-expr","locations":[{"start":{"line":46,"column":13},"end":{"line":46,"column":18}},{"start":{"line":46,"column":13},"end":{"line":46,"column":17}}]},"4":{"loc":{"start":{"line":49,"column":13},"end":{"line":49,"column":18}},"type":"cond-expr","locations":[{"start":{"line":49,"column":17},"end":{"line":49,"column":18}},{"start":{"line":49,"column":17},"end":{"line":49,"column":18}}]},"5":{"loc":{"start":{"line":49,"column":13},"end":{"line":49,"column":17}},"type":"binary-expr","locations":[{"start":{"line":49,"column":13},"end":{"line":49,"column":18}},{"start":{"line":49,"column":13},"end":{"line":49,"column":17}}]}},"s":{"0":0,"1":0,"2":0,"3":0,"4":0,"5":0,"6":0,"7":0,"8":0,"9":0,"10":0,"11":0,"12":0,"13":0,"14":0,"15":0,"16":0,"17":0,"18":0,"19":0,"20":0,"21":0},"f":{"0":0,"1":0,"2":0,"3":0},"b":{"0":[0,0],"1":[0,0],"2":[0,0],"3":[0,0],"4":[0,0],"5":[0,0]}}
,"/Users/mateomolina/Desktop/cocinacompartida/CocinaCompartida/cocina-compartida-api/src/security/auth.guard.ts": {"path":"/Users/mateomolina/Desktop/cocinacompartida/CocinaCompartida/cocina-compartida-api/src/security/auth.guard.ts","statementMap":{"0":{"start":{"line":2,"column":0},"end":{"line":2,"column":98}},"1":{"start":{"line":3,"column":0},"end":{"line":3,"column":41}},"2":{"start":{"line":6,"column":7},"end":{"line":31,"column":null}},"3":{"start":{"line":7,"column":31},"end":{"line":7,"column":36}},"4":{"start":{"line":10,"column":16},"end":{"line":10,"column":47}},"5":{"start":{"line":11,"column":17},"end":{"line":11,"column":67}},"6":{"start":{"line":12,"column":4},"end":{"line":12,"column":70}},"7":{"start":{"line":12,"column":15},"end":{"line":12,"column":70}},"8":{"start":{"line":14,"column":26},"end":{"line":14,"column":41}},"9":{"start":{"line":15,"column":4},"end":{"line":15,"column":89}},"10":{"start":{"line":15,"column":37},"end":{"line":15,"column":89}},"11":{"start":{"line":17,"column":4},"end":{"line":29,"column":5}},"12":{"start":{"line":18,"column":16},"end":{"line":18,"column":38}},"13":{"start":{"line":19,"column":6},"end":{"line":24,"column":8}},"14":{"start":{"line":25,"column":6},"end":{"line":25,"column":72}},"15":{"start":{"line":25,"column":24},"end":{"line":25,"column":72}},"16":{"start":{"line":26,"column":6},"end":{"line":26,"column":18}},"17":{"start":{"line":28,"column":6},"end":{"line":28,"column":67}},"18":{"start":{"line":6,"column":13},"end":{"line":6,"column":22}},"19":{"start":{"line":6,"column":13},"end":{"line":31,"column":null}}},"fnMap":{"0":{"name":"(anonymous_2)","decl":{"start":{"line":7,"column":2},"end":{"line":7,"column":31}},"loc":{"start":{"line":7,"column":46},"end":{"line":7,"column":50}}},"1":{"name":"(anonymous_3)","decl":{"start":{"line":9,"column":2},"end":{"line":9,"column":13}},"loc":{"start":{"line":9,"column":35},"end":{"line":30,"column":3}}}},"branchMap":{"0":{"loc":{"start":{"line":12,"column":4},"end":{"line":12,"column":70}},"type":"if","locations":[{"start":{"line":12,"column":4},"end":{"line":12,"column":70}},{"start":{},"end":{}}]},"1":{"loc":{"start":{"line":15,"column":4},"end":{"line":15,"column":89}},"type":"if","locations":[{"start":{"line":15,"column":4},"end":{"line":15,"column":89}},{"start":{},"end":{}}]},"2":{"loc":{"start":{"line":15,"column":8},"end":{"line":15,"column":35}},"type":"binary-expr","locations":[{"start":{"line":15,"column":8},"end":{"line":15,"column":25}},{"start":{"line":15,"column":29},"end":{"line":15,"column":35}}]},"3":{"loc":{"start":{"line":20,"column":12},"end":{"line":20,"column":25}},"type":"binary-expr","locations":[{"start":{"line":20,"column":12},"end":{"line":20,"column":17}},{"start":{"line":20,"column":21},"end":{"line":20,"column":25}}]},"4":{"loc":{"start":{"line":25,"column":6},"end":{"line":25,"column":72}},"type":"if","locations":[{"start":{"line":25,"column":6},"end":{"line":25,"column":72}},{"start":{},"end":{}}]},"5":{"loc":{"start":{"line":7,"column":36},"end":{"line":7,"column":49}},"type":"cond-expr","locations":[{"start":{"line":7,"column":46},"end":{"line":7,"column":49}},{"start":{"line":7,"column":46},"end":{"line":7,"column":49}}]},"6":{"loc":{"start":{"line":7,"column":36},"end":{"line":7,"column":46}},"type":"binary-expr","locations":[{"start":{"line":7,"column":36},"end":{"line":7,"column":49}},{"start":{"line":7,"column":36},"end":{"line":7,"column":46}}]}},"s":{"0":1,"1":1,"2":1,"3":9,"4":9,"5":9,"6":9,"7":2,"8":7,"9":7,"10":2,"11":5,"12":5,"13":3,"14":3,"15":1,"16":2,"17":3,"18":1,"19":1},"f":{"0":9,"1":9},"b":{"0":[2,7],"1":[2,5],"2":[7,6],"3":[3,2],"4":[1,2],"5":[1,0],"6":[1,1]}}
,"/Users/mateomolina/Desktop/cocinacompartida/CocinaCompartida/cocina-compartida-api/src/security/recipe-owner.guard.ts": {"path":"/Users/mateomolina/Desktop/cocinacompartida/CocinaCompartida/cocina-compartida-api/src/security/recipe-owner.guard.ts","statementMap":{"0":{"start":{"line":2,"column":0},"end":{"line":2,"column":114}},"1":{"start":{"line":3,"column":0},"end":{"line":3,"column":60}},"2":{"start":{"line":6,"column":7},"end":{"line":25,"column":null}},"3":{"start":{"line":7,"column":31},"end":{"line":7,"column":40}},"4":{"start":{"line":10,"column":16},"end":{"line":10,"column":47}},"5":{"start":{"line":11,"column":19},"end":{"line":11,"column":31}},"6":{"start":{"line":12,"column":21},"end":{"line":12,"column":35}},"7":{"start":{"line":14,"column":4},"end":{"line":14,"column":64}},"8":{"start":{"line":14,"column":17},"end":{"line":14,"column":64}},"9":{"start":{"line":15,"column":4},"end":{"line":15,"column":71}},"10":{"start":{"line":15,"column":19},"end":{"line":15,"column":71}},"11":{"start":{"line":17,"column":19},"end":{"line":17,"column":55}},"12":{"start":{"line":18,"column":4},"end":{"line":18,"column":69}},"13":{"start":{"line":18,"column":17},"end":{"line":18,"column":69}},"14":{"start":{"line":20,"column":4},"end":{"line":22,"column":5}},"15":{"start":{"line":21,"column":6},"end":{"line":21,"column":79}},"16":{"start":{"line":23,"column":4},"end":{"line":23,"column":16}},"17":{"start":{"line":6,"column":13},"end":{"line":6,"column":29}},"18":{"start":{"line":6,"column":13},"end":{"line":25,"column":null}}},"fnMap":{"0":{"name":"(anonymous_2)","decl":{"start":{"line":7,"column":2},"end":{"line":7,"column":31}},"loc":{"start":{"line":7,"column":54},"end":{"line":7,"column":58}}},"1":{"name":"(anonymous_3)","decl":{"start":{"line":9,"column":2},"end":{"line":9,"column":7}},"loc":{"start":{"line":9,"column":41},"end":{"line":24,"column":3}}}},"branchMap":{"0":{"loc":{"start":{"line":14,"column":4},"end":{"line":14,"column":64}},"type":"if","locations":[{"start":{"line":14,"column":4},"end":{"line":14,"column":64}},{"start":{},"end":{}}]},"1":{"loc":{"start":{"line":15,"column":4},"end":{"line":15,"column":71}},"type":"if","locations":[{"start":{"line":15,"column":4},"end":{"line":15,"column":71}},{"start":{},"end":{}}]},"2":{"loc":{"start":{"line":18,"column":4},"end":{"line":18,"column":69}},"type":"if","locations":[{"start":{"line":18,"column":4},"end":{"line":18,"column":69}},{"start":{},"end":{}}]},"3":{"loc":{"start":{"line":20,"column":4},"end":{"line":22,"column":5}},"type":"if","locations":[{"start":{"line":20,"column":4},"end":{"line":22,"column":5}},{"start":{},"end":{}}]},"4":{"loc":{"start":{"line":7,"column":40},"end":{"line":7,"column":57}},"type":"cond-expr","locations":[{"start":{"line":7,"column":54},"end":{"line":7,"column":57}},{"start":{"line":7,"column":54},"end":{"line":7,"column":57}}]},"5":{"loc":{"start":{"line":7,"column":40},"end":{"line":7,"column":54}},"type":"binary-expr","locations":[{"start":{"line":7,"column":40},"end":{"line":7,"column":57}},{"start":{"line":7,"column":40},"end":{"line":7,"column":54}}]}},"s":{"0":0,"1":0,"2":0,"3":0,"4":0,"5":0,"6":0,"7":0,"8":0,"9":0,"10":0,"11":0,"12":0,"13":0,"14":0,"15":0,"16":0,"17":0,"18":0},"f":{"0":0,"1":0},"b":{"0":[0,0],"1":[0,0],"2":[0,0],"3":[0,0],"4":[0,0],"5":[0,0]}}
,"/Users/mateomolina/Desktop/cocinacompartida/CocinaCompartida/cocina-compartida-api/src/security/role.guard.ts": {"path":"/Users/mateomolina/Desktop/cocinacompartida/CocinaCompartida/cocina-compartida-api/src/security/role.guard.ts","statementMap":{"0":{"start":{"line":1,"column":0},"end":{"line":1,"column":114}},"1":{"start":{"line":2,"column":0},"end":{"line":2,"column":41}},"2":{"start":{"line":3,"column":0},"end":{"line":3,"column":61}},"3":{"start":{"line":6,"column":7},"end":{"line":51,"column":null}},"4":{"start":{"line":7,"column":22},"end":{"line":7,"column":34}},"5":{"start":{"line":7,"column":54},"end":{"line":7,"column":70}},"6":{"start":{"line":10,"column":20},"end":{"line":10,"column":55}},"7":{"start":{"line":11,"column":19},"end":{"line":11,"column":33}},"8":{"start":{"line":12,"column":26},"end":{"line":12,"column":57}},"9":{"start":{"line":13,"column":4},"end":{"line":15,"column":5}},"10":{"start":{"line":14,"column":6},"end":{"line":14,"column":59}},"11":{"start":{"line":16,"column":18},"end":{"line":16,"column":46}},"12":{"start":{"line":17,"column":4},"end":{"line":40,"column":5}},"13":{"start":{"line":18,"column":22},"end":{"line":18,"column":51}},"14":{"start":{"line":19,"column":6},"end":{"line":19,"column":27}},"15":{"start":{"line":22,"column":6},"end":{"line":33,"column":7}},"16":{"start":{"line":23,"column":23},"end":{"line":23,"column":67}},"17":{"start":{"line":24,"column":8},"end":{"line":26,"column":9}},"18":{"start":{"line":25,"column":10},"end":{"line":25,"column":92}},"19":{"start":{"line":29,"column":21},"end":{"line":29,"column":33}},"20":{"start":{"line":30,"column":8},"end":{"line":32,"column":9}},"21":{"start":{"line":31,"column":10},"end":{"line":31,"column":63}},"22":{"start":{"line":35,"column":6},"end":{"line":37,"column":7}},"23":{"start":{"line":36,"column":8},"end":{"line":36,"column":60}},"24":{"start":{"line":38,"column":6},"end":{"line":38,"column":33}},"25":{"start":{"line":39,"column":6},"end":{"line":39,"column":71}},"26":{"start":{"line":41,"column":4},"end":{"line":41,"column":16}},"27":{"start":{"line":45,"column":16},"end":{"line":45,"column":40}},"28":{"start":{"line":46,"column":4},"end":{"line":48,"column":5}},"29":{"start":{"line":47,"column":6},"end":{"line":47,"column":22}},"30":{"start":{"line":49,"column":4},"end":{"line":49,"column":20}},"31":{"start":{"line":6,"column":13},"end":{"line":6,"column":22}},"32":{"start":{"line":6,"column":13},"end":{"line":51,"column":null}}},"fnMap":{"0":{"name":"(anonymous_2)","decl":{"start":{"line":7,"column":2},"end":{"line":7,"column":22}},"loc":{"start":{"line":7,"column":84},"end":{"line":7,"column":88}}},"1":{"name":"(anonymous_3)","decl":{"start":{"line":9,"column":2},"end":{"line":9,"column":7}},"loc":{"start":{"line":9,"column":45},"end":{"line":42,"column":3}}},"2":{"name":"(anonymous_4)","decl":{"start":{"line":44,"column":10},"end":{"line":44,"column":18}},"loc":{"start":{"line":44,"column":40},"end":{"line":50,"column":3}}}},"branchMap":{"0":{"loc":{"start":{"line":13,"column":4},"end":{"line":15,"column":5}},"type":"if","locations":[{"start":{"line":13,"column":4},"end":{"line":15,"column":5}},{"start":{},"end":{}}]},"1":{"loc":{"start":{"line":22,"column":6},"end":{"line":33,"column":7}},"type":"if","locations":[{"start":{"line":22,"column":6},"end":{"line":33,"column":7}},{"start":{"line":27,"column":13},"end":{"line":33,"column":7}}]},"2":{"loc":{"start":{"line":24,"column":8},"end":{"line":26,"column":9}},"type":"if","locations":[{"start":{"line":24,"column":8},"end":{"line":26,"column":9}},{"start":{},"end":{}}]},"3":{"loc":{"start":{"line":30,"column":8},"end":{"line":32,"column":9}},"type":"if","locations":[{"start":{"line":30,"column":8},"end":{"line":32,"column":9}},{"start":{},"end":{}}]},"4":{"loc":{"start":{"line":35,"column":6},"end":{"line":37,"column":7}},"type":"if","locations":[{"start":{"line":35,"column":6},"end":{"line":37,"column":7}},{"start":{},"end":{}}]},"5":{"loc":{"start":{"line":39,"column":35},"end":{"line":39,"column":69}},"type":"binary-expr","locations":[{"start":{"line":39,"column":35},"end":{"line":39,"column":48}},{"start":{"line":39,"column":52},"end":{"line":39,"column":69}}]},"6":{"loc":{"start":{"line":46,"column":4},"end":{"line":48,"column":5}},"type":"if","locations":[{"start":{"line":46,"column":4},"end":{"line":48,"column":5}},{"start":{},"end":{}}]},"7":{"loc":{"start":{"line":7,"column":34},"end":{"line":7,"column":54}},"type":"cond-expr","locations":[{"start":{"line":7,"column":44},"end":{"line":7,"column":54}},{"start":{"line":7,"column":44},"end":{"line":7,"column":54}}]},"8":{"loc":{"start":{"line":7,"column":34},"end":{"line":7,"column":44}},"type":"binary-expr","locations":[{"start":{"line":7,"column":34},"end":{"line":7,"column":54}},{"start":{"line":7,"column":34},"end":{"line":7,"column":44}}]},"9":{"loc":{"start":{"line":7,"column":44},"end":{"line":7,"column":87}},"type":"cond-expr","locations":[{"start":{"line":7,"column":84},"end":{"line":7,"column":87}},{"start":{"line":7,"column":84},"end":{"line":7,"column":87}}]},"10":{"loc":{"start":{"line":7,"column":44},"end":{"line":7,"column":84}},"type":"binary-expr","locations":[{"start":{"line":7,"column":44},"end":{"line":7,"column":87}},{"start":{"line":7,"column":70},"end":{"line":7,"column":84}}]}},"s":{"0":0,"1":0,"2":0,"3":0,"4":0,"5":0,"6":0,"7":0,"8":0,"9":0,"10":0,"11":0,"12":0,"13":0,"14":0,"15":0,"16":0,"17":0,"18":0,"19":0,"20":0,"21":0,"22":0,"23":0,"24":0,"25":0,"26":0,"27":0,"28":0,"29":0,"30":0,"31":0,"32":0},"f":{"0":0,"1":0,"2":0},"b":{"0":[0,0],"1":[0,0],"2":[0,0],"3":[0,0],"4":[0,0],"5":[0,0],"6":[0,0],"7":[0,0],"8":[0,0],"9":[0,0],"10":[0,0]}}
,"/Users/mateomolina/Desktop/cocinacompartida/CocinaCompartida/cocina-compartida-api/src/uploads/uploads.controller.ts": {"path":"/Users/mateomolina/Desktop/cocinacompartida/CocinaCompartida/cocina-compartida-api/src/uploads/uploads.controller.ts","statementMap":{"0":{"start":{"line":1,"column":0},"end":{"line":1,"column":null}},"1":{"start":{"line":13,"column":0},"end":{"line":13,"column":77}},"2":{"start":{"line":14,"column":0},"end":{"line":14,"column":37}},"3":{"start":{"line":15,"column":0},"end":{"line":15,"column":37}},"4":{"start":{"line":16,"column":0},"end":{"line":16,"column":36}},"5":{"start":{"line":19,"column":15},"end":{"line":19,"column":65}},"6":{"start":{"line":20,"column":18},"end":{"line":20,"column":44}},"7":{"start":{"line":21,"column":2},"end":{"line":21,"column":32}},"8":{"start":{"line":25,"column":7},"end":{"line":150,"column":null}},"9":{"start":{"line":30,"column":24},"end":{"line":30,"column":54}},"10":{"start":{"line":31,"column":4},"end":{"line":59,"column":5}},"11":{"start":{"line":32,"column":24},"end":{"line":48,"column":7}},"12":{"start":{"line":33,"column":8},"end":{"line":46,"column":9}},"13":{"start":{"line":34,"column":24},"end":{"line":34,"column":45}},"14":{"start":{"line":35,"column":10},"end":{"line":43,"column":11}},"15":{"start":{"line":36,"column":29},"end":{"line":36,"column":44}},"16":{"start":{"line":37,"column":25},"end":{"line":37,"column":48}},"17":{"start":{"line":38,"column":12},"end":{"line":42,"column":13}},"18":{"start":{"line":39,"column":14},"end":{"line":39,"column":50}},"19":{"start":{"line":41,"column":14},"end":{"line":41,"column":63}},"20":{"start":{"line":47,"column":8},"end":{"line":47,"column":24}},"21":{"start":{"line":50,"column":20},"end":{"line":50,"column":48}},"22":{"start":{"line":51,"column":6},"end":{"line":56,"column":8}},"23":{"start":{"line":58,"column":6},"end":{"line":58,"column":67}},"24":{"start":{"line":78,"column":17},"end":{"line":78,"column":79}},"25":{"start":{"line":78,"column":40},"end":{"line":78,"column":78}},"26":{"start":{"line":79,"column":4},"end":{"line":79,"column":76}},"27":{"start":{"line":80,"column":4},"end":{"line":80,"column":20}},"28":{"start":{"line":113,"column":4},"end":{"line":116,"column":5}},"29":{"start":{"line":114,"column":6},"end":{"line":114,"column":42}},"30":{"start":{"line":115,"column":6},"end":{"line":115,"column":43}},"31":{"start":{"line":118,"column":16},"end":{"line":118,"column":51}},"32":{"start":{"line":119,"column":4},"end":{"line":125,"column":7}},"33":{"start":{"line":127,"column":4},"end":{"line":127,"column":19}},"34":{"start":{"line":133,"column":4},"end":{"line":136,"column":5}},"35":{"start":{"line":134,"column":6},"end":{"line":134,"column":55}},"36":{"start":{"line":135,"column":6},"end":{"line":135,"column":54}},"37":{"start":{"line":138,"column":14},"end":{"line":138,"column":83}},"38":{"start":{"line":139,"column":4},"end":{"line":139,"column":54}},"39":{"start":{"line":141,"column":4},"end":{"line":148,"column":5}},"40":{"start":{"line":142,"column":6},"end":{"line":142,"column":25}},"41":{"start":{"line":143,"column":6},"end":{"line":143,"column":53}},"42":{"start":{"line":144,"column":6},"end":{"line":144,"column":26}},"43":{"start":{"line":146,"column":6},"end":{"line":146,"column":43}},"44":{"start":{"line":147,"column":6},"end":{"line":147,"column":45}},"45":{"start":{"line":25,"column":13},"end":{"line":25,"column":30}},"46":{"start":{"line":29,"column":8},"end":{"line":60,"column":null}},"47":{"start":{"line":77,"column":8},"end":{"line":81,"column":null}},"48":{"start":{"line":68,"column":27},"end":{"line":68,"column":40}},"49":{"start":{"line":69,"column":22},"end":{"line":69,"column":73}},"50":{"start":{"line":70,"column":10},"end":{"line":70,"column":51}},"51":{"start":{"line":71,"column":10},"end":{"line":71,"column":24}},"52":{"start":{"line":112,"column":8},"end":{"line":128,"column":null}},"53":{"start":{"line":90,"column":22},"end":{"line":90,"column":63}},"54":{"start":{"line":91,"column":10},"end":{"line":97,"column":11}},"55":{"start":{"line":92,"column":12},"end":{"line":92,"column":53}},"56":{"start":{"line":93,"column":12},"end":{"line":93,"column":26}},"57":{"start":{"line":95,"column":12},"end":{"line":95,"column":72}},"58":{"start":{"line":96,"column":12},"end":{"line":96,"column":36}},"59":{"start":{"line":101,"column":28},"end":{"line":101,"column":72}},"60":{"start":{"line":102,"column":28},"end":{"line":102,"column":38}},"61":{"start":{"line":103,"column":25},"end":{"line":103,"column":56}},"62":{"start":{"line":104,"column":26},"end":{"line":104,"column":52}},"63":{"start":{"line":105,"column":32},"end":{"line":105,"column":71}},"64":{"start":{"line":107,"column":10},"end":{"line":107,"column":72}},"65":{"start":{"line":132,"column":8},"end":{"line":149,"column":null}},"66":{"start":{"line":25,"column":13},"end":{"line":150,"column":null}}},"fnMap":{"0":{"name":"filename","decl":{"start":{"line":18,"column":9},"end":{"line":18,"column":17}},"loc":{"start":{"line":18,"column":51},"end":{"line":22,"column":1}}},"1":{"name":"(anonymous_5)","decl":{"start":{"line":29,"column":8},"end":{"line":29,"column":20}},"loc":{"start":{"line":29,"column":20},"end":{"line":60,"column":3}}},"2":{"name":"(anonymous_6)","decl":{"start":{"line":32,"column":24},"end":{"line":32,"column":29}},"loc":{"start":{"line":32,"column":71},"end":{"line":48,"column":7}}},"3":{"name":"(anonymous_7)","decl":{"start":{"line":77,"column":8},"end":{"line":77,"column":25}},"loc":{"start":{"line":77,"column":80},"end":{"line":81,"column":3}}},"4":{"name":"(anonymous_8)","decl":{"start":{"line":78,"column":35},"end":{"line":78,"column":36}},"loc":{"start":{"line":78,"column":40},"end":{"line":78,"column":78}}},"5":{"name":"(anonymous_9)","decl":{"start":{"line":112,"column":8},"end":{"line":112,"column":20}},"loc":{"start":{"line":112,"column":84},"end":{"line":128,"column":3}}},"6":{"name":"(anonymous_10)","decl":{"start":{"line":132,"column":8},"end":{"line":132,"column":18}},"loc":{"start":{"line":132,"column":49},"end":{"line":149,"column":3}}},"7":{"name":"(anonymous_11)","decl":{"start":{"line":67,"column":21},"end":{"line":67,"column":26}},"loc":{"start":{"line":67,"column":45},"end":{"line":72,"column":9}}},"8":{"name":"(anonymous_12)","decl":{"start":{"line":88,"column":21},"end":{"line":88,"column":26}},"loc":{"start":{"line":88,"column":45},"end":{"line":98,"column":9}}},"9":{"name":"(anonymous_13)","decl":{"start":{"line":99,"column":18},"end":{"line":99,"column":19}},"loc":{"start":{"line":99,"column":36},"end":{"line":108,"column":9}}}},"branchMap":{"0":{"loc":{"start":{"line":32,"column":44},"end":{"line":32,"column":67}},"type":"default-arg","locations":[{"start":{"line":32,"column":65},"end":{"line":32,"column":67}}]},"1":{"loc":{"start":{"line":38,"column":12},"end":{"line":42,"column":13}},"type":"if","locations":[{"start":{"line":38,"column":12},"end":{"line":42,"column":13}},{"start":{"line":40,"column":19},"end":{"line":42,"column":13}}]},"2":{"loc":{"start":{"line":78,"column":18},"end":{"line":78,"column":29}},"type":"binary-expr","locations":[{"start":{"line":78,"column":18},"end":{"line":78,"column":23}},{"start":{"line":78,"column":27},"end":{"line":78,"column":29}}]},"3":{"loc":{"start":{"line":113,"column":4},"end":{"line":116,"column":5}},"type":"if","locations":[{"start":{"line":113,"column":4},"end":{"line":116,"column":5}},{"start":{},"end":{}}]},"4":{"loc":{"start":{"line":133,"column":4},"end":{"line":136,"column":5}},"type":"if","locations":[{"start":{"line":133,"column":4},"end":{"line":136,"column":5}},{"start":{},"end":{}}]},"5":{"loc":{"start":{"line":133,"column":8},"end":{"line":133,"column":27}},"type":"binary-expr","locations":[{"start":{"line":133,"column":8},"end":{"line":133,"column":13}},{"start":{"line":133,"column":17},"end":{"line":133,"column":27}}]},"6":{"loc":{"start":{"line":101,"column":28},"end":{"line":101,"column":72}},"type":"binary-expr","locations":[{"start":{"line":101,"column":28},"end":{"line":101,"column":57}},{"start":{"line":101,"column":61},"end":{"line":101,"column":72}}]}},"s":{"0":0,"1":0,"2":0,"3":0,"4":0,"5":0,"6":0,"7":0,"8":0,"9":0,"10":0,"11":0,"12":0,"13":0,"14":0,"15":0,"16":0,"17":0,"18":0,"19":0,"20":0,"21":0,"22":0,"23":0,"24":0,"25":0,"26":0,"27":0,"28":0,"29":0,"30":0,"31":0,"32":0,"33":0,"34":0,"35":0,"36":0,"37":0,"38":0,"39":0,"40":0,"41":0,"42":0,"43":0,"44":0,"45":0,"46":0,"47":0,"48":0,"49":0,"50":0,"51":0,"52":0,"53":0,"54":0,"55":0,"56":0,"57":0,"58":0,"59":0,"60":0,"61":0,"62":0,"63":0,"64":0,"65":0,"66":0},"f":{"0":0,"1":0,"2":0,"3":0,"4":0,"5":0,"6":0,"7":0,"8":0,"9":0},"b":{"0":[0],"1":[0,0],"2":[0,0],"3":[0,0],"4":[0,0],"5":[0,0],"6":[0,0]}}
,"/Users/mateomolina/Desktop/cocinacompartida/CocinaCompartida/cocina-compartida-api/src/uploads/uploads.module.ts": {"path":"/Users/mateomolina/Desktop/cocinacompartida/CocinaCompartida/cocina-compartida-api/src/uploads/uploads.module.ts","statementMap":{"0":{"start":{"line":1,"column":0},"end":{"line":1,"column":40}},"1":{"start":{"line":2,"column":0},"end":{"line":2,"column":57}},"2":{"start":{"line":7,"column":7},"end":{"line":7,"column":null}},"3":{"start":{"line":7,"column":13},"end":{"line":7,"column":26}},"4":{"start":{"line":7,"column":13},"end":{"line":7,"column":null}}},"fnMap":{},"branchMap":{},"s":{"0":0,"1":0,"2":0,"3":0,"4":0},"f":{},"b":{}}
,"/Users/mateomolina/Desktop/cocinacompartida/CocinaCompartida/cocina-compartida-api/src/user/user.controller.ts": {"path":"/Users/mateomolina/Desktop/cocinacompartida/CocinaCompartida/cocina-compartida-api/src/user/user.controller.ts","statementMap":{"0":{"start":{"line":3,"column":0},"end":{"line":3,"column":null}},"1":{"start":{"line":16,"column":0},"end":{"line":16,"column":45}},"2":{"start":{"line":17,"column":0},"end":{"line":17,"column":54}},"3":{"start":{"line":18,"column":0},"end":{"line":18,"column":54}},"4":{"start":{"line":19,"column":0},"end":{"line":19,"column":52}},"5":{"start":{"line":20,"column":0},"end":{"line":20,"column":52}},"6":{"start":{"line":23,"column":7},"end":{"line":55,"column":null}},"7":{"start":{"line":24,"column":31},"end":{"line":24,"column":45}},"8":{"start":{"line":28,"column":4},"end":{"line":28,"column":51}},"9":{"start":{"line":34,"column":4},"end":{"line":34,"column":39}},"10":{"start":{"line":40,"column":4},"end":{"line":40,"column":64}},"11":{"start":{"line":46,"column":4},"end":{"line":46,"column":41}},"12":{"start":{"line":53,"column":4},"end":{"line":53,"column":40}},"13":{"start":{"line":23,"column":13},"end":{"line":23,"column":27}},"14":{"start":{"line":27,"column":2},"end":{"line":29,"column":null}},"15":{"start":{"line":33,"column":2},"end":{"line":35,"column":null}},"16":{"start":{"line":39,"column":2},"end":{"line":41,"column":null}},"17":{"start":{"line":45,"column":2},"end":{"line":47,"column":null}},"18":{"start":{"line":52,"column":2},"end":{"line":54,"column":null}},"19":{"start":{"line":23,"column":13},"end":{"line":55,"column":null}}},"fnMap":{"0":{"name":"(anonymous_4)","decl":{"start":{"line":24,"column":2},"end":{"line":24,"column":31}},"loc":{"start":{"line":24,"column":56},"end":{"line":24,"column":60}}},"1":{"name":"(anonymous_5)","decl":{"start":{"line":27,"column":2},"end":{"line":27,"column":8}},"loc":{"start":{"line":27,"column":45},"end":{"line":29,"column":3}}},"2":{"name":"(anonymous_6)","decl":{"start":{"line":33,"column":2},"end":{"line":33,"column":9}},"loc":{"start":{"line":33,"column":9},"end":{"line":35,"column":3}}},"3":{"name":"(anonymous_7)","decl":{"start":{"line":39,"column":2},"end":{"line":39,"column":8}},"loc":{"start":{"line":39,"column":64},"end":{"line":41,"column":3}}},"4":{"name":"(anonymous_8)","decl":{"start":{"line":45,"column":2},"end":{"line":45,"column":9}},"loc":{"start":{"line":45,"column":33},"end":{"line":47,"column":3}}},"5":{"name":"(anonymous_9)","decl":{"start":{"line":52,"column":2},"end":{"line":52,"column":8}},"loc":{"start":{"line":52,"column":32},"end":{"line":54,"column":3}}}},"branchMap":{"0":{"loc":{"start":{"line":27,"column":32},"end":{"line":27,"column":null}},"type":"cond-expr","locations":[{"start":{"line":27,"column":45},"end":{"line":27,"column":null}},{"start":{"line":27,"column":45},"end":{"line":27,"column":null}}]},"1":{"loc":{"start":{"line":27,"column":32},"end":{"line":27,"column":45}},"type":"binary-expr","locations":[{"start":{"line":27,"column":32},"end":{"line":27,"column":null}},{"start":{"line":27,"column":32},"end":{"line":27,"column":45}}]},"2":{"loc":{"start":{"line":39,"column":33},"end":{"line":39,"column":50}},"type":"cond-expr","locations":[{"start":{"line":39,"column":46},"end":{"line":39,"column":50}},{"start":{"line":39,"column":46},"end":{"line":39,"column":50}}]},"3":{"loc":{"start":{"line":39,"column":33},"end":{"line":39,"column":46}},"type":"binary-expr","locations":[{"start":{"line":39,"column":33},"end":{"line":39,"column":50}},{"start":{"line":39,"column":33},"end":{"line":39,"column":46}}]},"4":{"loc":{"start":{"line":24,"column":45},"end":{"line":24,"column":59}},"type":"cond-expr","locations":[{"start":{"line":24,"column":56},"end":{"line":24,"column":59}},{"start":{"line":24,"column":56},"end":{"line":24,"column":59}}]},"5":{"loc":{"start":{"line":24,"column":45},"end":{"line":24,"column":56}},"type":"binary-expr","locations":[{"start":{"line":24,"column":45},"end":{"line":24,"column":59}},{"start":{"line":24,"column":45},"end":{"line":24,"column":56}}]}},"s":{"0":0,"1":0,"2":0,"3":0,"4":0,"5":0,"6":0,"7":0,"8":0,"9":0,"10":0,"11":0,"12":0,"13":0,"14":0,"15":0,"16":0,"17":0,"18":0,"19":0},"f":{"0":0,"1":0,"2":0,"3":0,"4":0,"5":0},"b":{"0":[0,0],"1":[0,0],"2":[0,0],"3":[0,0],"4":[0,0],"5":[0,0]}}
,"/Users/mateomolina/Desktop/cocinacompartida/CocinaCompartida/cocina-compartida-api/src/user/user.module.ts": {"path":"/Users/mateomolina/Desktop/cocinacompartida/CocinaCompartida/cocina-compartida-api/src/user/user.module.ts","statementMap":{"0":{"start":{"line":1,"column":0},"end":{"line":1,"column":52}},"1":{"start":{"line":2,"column":0},"end":{"line":2,"column":48}},"2":{"start":{"line":4,"column":0},"end":{"line":4,"column":46}},"3":{"start":{"line":5,"column":0},"end":{"line":5,"column":45}},"4":{"start":{"line":6,"column":0},"end":{"line":6,"column":51}},"5":{"start":{"line":8,"column":0},"end":{"line":8,"column":58}},"6":{"start":{"line":9,"column":0},"end":{"line":9,"column":49}},"7":{"start":{"line":25,"column":7},"end":{"line":25,"column":null}},"8":{"start":{"line":25,"column":13},"end":{"line":25,"column":23}},"9":{"start":{"line":25,"column":13},"end":{"line":25,"column":null}},"10":{"start":{"line":15,"column":21},"end":{"line":15,"column":31}},"11":{"start":{"line":16,"column":21},"end":{"line":16,"column":34}}},"fnMap":{"0":{"name":"(anonymous_1)","decl":{"start":{"line":15,"column":15},"end":{"line":15,"column":18}},"loc":{"start":{"line":15,"column":21},"end":{"line":15,"column":31}}},"1":{"name":"(anonymous_2)","decl":{"start":{"line":16,"column":15},"end":{"line":16,"column":18}},"loc":{"start":{"line":16,"column":21},"end":{"line":16,"column":34}}}},"branchMap":{},"s":{"0":0,"1":0,"2":0,"3":0,"4":0,"5":0,"6":0,"7":0,"8":0,"9":0,"10":0,"11":0},"f":{"0":0,"1":0},"b":{}}
,"/Users/mateomolina/Desktop/cocinacompartida/CocinaCompartida/cocina-compartida-api/src/user/user.service.ts": {"path":"/Users/mateomolina/Desktop/cocinacompartida/CocinaCompartida/cocina-compartida-api/src/user/user.service.ts","statementMap":{"0":{"start":{"line":1,"column":0},"end":{"line":1,"column":82}},"1":{"start":{"line":2,"column":0},"end":{"line":2,"column":51}},"2":{"start":{"line":3,"column":0},"end":{"line":3,"column":37}},"3":{"start":{"line":4,"column":0},"end":{"line":4,"column":33}},"4":{"start":{"line":5,"column":0},"end":{"line":5,"column":46}},"5":{"start":{"line":10,"column":7},"end":{"line":76,"column":null}},"6":{"start":{"line":13,"column":12},"end":{"line":13,"column":22}},"7":{"start":{"line":17,"column":4},"end":{"line":17,"column":27}},"8":{"start":{"line":17,"column":15},"end":{"line":17,"column":27}},"9":{"start":{"line":18,"column":34},"end":{"line":18,"column":38}},"10":{"start":{"line":19,"column":4},"end":{"line":19,"column":16}},"11":{"start":{"line":23,"column":19},"end":{"line":23,"column":85}},"12":{"start":{"line":24,"column":4},"end":{"line":24,"column":63}},"13":{"start":{"line":24,"column":16},"end":{"line":24,"column":63}},"14":{"start":{"line":26,"column":4},"end":{"line":29,"column":5}},"15":{"start":{"line":27,"column":26},"end":{"line":27,"column":86}},"16":{"start":{"line":28,"column":6},"end":{"line":28,"column":75}},"17":{"start":{"line":28,"column":23},"end":{"line":28,"column":75}},"18":{"start":{"line":31,"column":17},"end":{"line":31,"column":52}},"19":{"start":{"line":33,"column":17},"end":{"line":33,"column":65}},"20":{"start":{"line":34,"column":4},"end":{"line":34,"column":35}},"21":{"start":{"line":36,"column":4},"end":{"line":36,"column":35}},"22":{"start":{"line":40,"column":18},"end":{"line":40,"column":44}},"23":{"start":{"line":41,"column":4},"end":{"line":41,"column":48}},"24":{"start":{"line":41,"column":26},"end":{"line":41,"column":46}},"25":{"start":{"line":45,"column":17},"end":{"line":45,"column":63}},"26":{"start":{"line":46,"column":4},"end":{"line":46,"column":45}},"27":{"start":{"line":46,"column":15},"end":{"line":46,"column":45}},"28":{"start":{"line":47,"column":4},"end":{"line":47,"column":35}},"29":{"start":{"line":52,"column":17},"end":{"line":55,"column":6}},"30":{"start":{"line":56,"column":4},"end":{"line":56,"column":16}},"31":{"start":{"line":60,"column":4},"end":{"line":63,"column":5}},"32":{"start":{"line":61,"column":26},"end":{"line":61,"column":86}},"33":{"start":{"line":62,"column":6},"end":{"line":62,"column":100}},"34":{"start":{"line":62,"column":48},"end":{"line":62,"column":100}},"35":{"start":{"line":65,"column":4},"end":{"line":65,"column":40}},"36":{"start":{"line":66,"column":20},"end":{"line":66,"column":66}},"37":{"start":{"line":67,"column":4},"end":{"line":67,"column":48}},"38":{"start":{"line":67,"column":18},"end":{"line":67,"column":48}},"39":{"start":{"line":68,"column":4},"end":{"line":68,"column":38}},"40":{"start":{"line":72,"column":19},"end":{"line":72,"column":53}},"41":{"start":{"line":73,"column":4},"end":{"line":73,"column":56}},"42":{"start":{"line":73,"column":26},"end":{"line":73,"column":56}},"43":{"start":{"line":74,"column":4},"end":{"line":74,"column":54}},"44":{"start":{"line":10,"column":13},"end":{"line":10,"column":24}},"45":{"start":{"line":10,"column":13},"end":{"line":76,"column":null}}},"fnMap":{"0":{"name":"(anonymous_13)","decl":{"start":{"line":11,"column":2},"end":{"line":11,"column":null}},"loc":{"start":{"line":13,"column":38},"end":{"line":14,"column":6}}},"1":{"name":"(anonymous_14)","decl":{"start":{"line":16,"column":10},"end":{"line":16,"column":22}},"loc":{"start":{"line":16,"column":33},"end":{"line":20,"column":3}}},"2":{"name":"(anonymous_15)","decl":{"start":{"line":22,"column":2},"end":{"line":22,"column":7}},"loc":{"start":{"line":22,"column":33},"end":{"line":37,"column":3}}},"3":{"name":"(anonymous_16)","decl":{"start":{"line":39,"column":2},"end":{"line":39,"column":7}},"loc":{"start":{"line":39,"column":15},"end":{"line":42,"column":3}}},"4":{"name":"(anonymous_17)","decl":{"start":{"line":41,"column":21},"end":{"line":41,"column":22}},"loc":{"start":{"line":41,"column":26},"end":{"line":41,"column":46}}},"5":{"name":"(anonymous_18)","decl":{"start":{"line":44,"column":2},"end":{"line":44,"column":7}},"loc":{"start":{"line":44,"column":26},"end":{"line":48,"column":3}}},"6":{"name":"(anonymous_19)","decl":{"start":{"line":51,"column":2},"end":{"line":51,"column":7}},"loc":{"start":{"line":51,"column":33},"end":{"line":57,"column":3}}},"7":{"name":"(anonymous_20)","decl":{"start":{"line":59,"column":2},"end":{"line":59,"column":7}},"loc":{"start":{"line":59,"column":45},"end":{"line":69,"column":3}}},"8":{"name":"(anonymous_21)","decl":{"start":{"line":71,"column":2},"end":{"line":71,"column":7}},"loc":{"start":{"line":71,"column":25},"end":{"line":75,"column":3}}}},"branchMap":{"0":{"loc":{"start":{"line":17,"column":4},"end":{"line":17,"column":27}},"type":"if","locations":[{"start":{"line":17,"column":4},"end":{"line":17,"column":27}},{"start":{},"end":{}}]},"1":{"loc":{"start":{"line":24,"column":4},"end":{"line":24,"column":63}},"type":"if","locations":[{"start":{"line":24,"column":4},"end":{"line":24,"column":63}},{"start":{},"end":{}}]},"2":{"loc":{"start":{"line":26,"column":4},"end":{"line":29,"column":5}},"type":"if","locations":[{"start":{"line":26,"column":4},"end":{"line":29,"column":5}},{"start":{},"end":{}}]},"3":{"loc":{"start":{"line":28,"column":6},"end":{"line":28,"column":75}},"type":"if","locations":[{"start":{"line":28,"column":6},"end":{"line":28,"column":75}},{"start":{},"end":{}}]},"4":{"loc":{"start":{"line":46,"column":4},"end":{"line":46,"column":45}},"type":"if","locations":[{"start":{"line":46,"column":4},"end":{"line":46,"column":45}},{"start":{},"end":{}}]},"5":{"loc":{"start":{"line":60,"column":4},"end":{"line":63,"column":5}},"type":"if","locations":[{"start":{"line":60,"column":4},"end":{"line":63,"column":5}},{"start":{},"end":{}}]},"6":{"loc":{"start":{"line":62,"column":6},"end":{"line":62,"column":100}},"type":"if","locations":[{"start":{"line":62,"column":6},"end":{"line":62,"column":100}},{"start":{},"end":{}}]},"7":{"loc":{"start":{"line":62,"column":10},"end":{"line":62,"column":46}},"type":"binary-expr","locations":[{"start":{"line":62,"column":10},"end":{"line":62,"column":21}},{"start":{"line":62,"column":25},"end":{"line":62,"column":46}}]},"8":{"loc":{"start":{"line":67,"column":4},"end":{"line":67,"column":48}},"type":"if","locations":[{"start":{"line":67,"column":4},"end":{"line":67,"column":48}},{"start":{},"end":{}}]},"9":{"loc":{"start":{"line":73,"column":4},"end":{"line":73,"column":56}},"type":"if","locations":[{"start":{"line":73,"column":4},"end":{"line":73,"column":56}},{"start":{},"end":{}}]},"10":{"loc":{"start":{"line":13,"column":22},"end":{"line":13,"column":38}},"type":"cond-expr","locations":[{"start":{"line":13,"column":32},"end":{"line":13,"column":38}},{"start":{"line":13,"column":32},"end":{"line":13,"column":38}}]},"11":{"loc":{"start":{"line":13,"column":22},"end":{"line":13,"column":32}},"type":"binary-expr","locations":[{"start":{"line":13,"column":22},"end":{"line":13,"column":38}},{"start":{"line":13,"column":22},"end":{"line":13,"column":32}}]}},"s":{"0":0,"1":0,"2":0,"3":0,"4":0,"5":0,"6":0,"7":0,"8":0,"9":0,"10":0,"11":0,"12":0,"13":0,"14":0,"15":0,"16":0,"17":0,"18":0,"19":0,"20":0,"21":0,"22":0,"23":0,"24":0,"25":0,"26":0,"27":0,"28":0,"29":0,"30":0,"31":0,"32":0,"33":0,"34":0,"35":0,"36":0,"37":0,"38":0,"39":0,"40":0,"41":0,"42":0,"43":0,"44":0,"45":0},"f":{"0":0,"1":0,"2":0,"3":0,"4":0,"5":0,"6":0,"7":0,"8":0},"b":{"0":[0,0],"1":[0,0],"2":[0,0],"3":[0,0],"4":[0,0],"5":[0,0],"6":[0,0],"7":[0,0],"8":[0,0],"9":[0,0],"10":[0,0],"11":[0,0]}}
,"/Users/mateomolina/Desktop/cocinacompartida/CocinaCompartida/cocina-compartida-api/src/user/dto/create-user.dto.ts": {"path":"/Users/mateomolina/Desktop/cocinacompartida/CocinaCompartida/cocina-compartida-api/src/user/dto/create-user.dto.ts","statementMap":{"0":{"start":{"line":1,"column":0},"end":{"line":1,"column":13}}},"fnMap":{},"branchMap":{},"s":{"0":0},"f":{},"b":{}}
,"/Users/mateomolina/Desktop/cocinacompartida/CocinaCompartida/cocina-compartida-api/src/user/dto/update-user.dto.ts": {"path":"/Users/mateomolina/Desktop/cocinacompartida/CocinaCompartida/cocina-compartida-api/src/user/dto/update-user.dto.ts","statementMap":{"0":{"start":{"line":1,"column":0},"end":{"line":1,"column":51}},"1":{"start":{"line":2,"column":0},"end":{"line":2,"column":50}},"2":{"start":{"line":4,"column":0},"end":{"line":4,"column":13}}},"fnMap":{},"branchMap":{},"s":{"0":0,"1":0,"2":0},"f":{},"b":{}}
,"/Users/mateomolina/Desktop/cocinacompartida/CocinaCompartida/cocina-compartida-api/src/user/entities/user.entity.ts": {"path":"/Users/mateomolina/Desktop/cocinacompartida/CocinaCompartida/cocina-compartida-api/src/user/entities/user.entity.ts","statementMap":{"0":{"start":{"line":1,"column":0},"end":{"line":1,"column":null}},"1":{"start":{"line":10,"column":0},"end":{"line":10,"column":62}},"2":{"start":{"line":11,"column":0},"end":{"line":11,"column":60}},"3":{"start":{"line":14,"column":7},"end":{"line":54,"column":null}},"4":{"start":{"line":14,"column":13},"end":{"line":14,"column":17}},"5":{"start":{"line":16,"column":2},"end":{"line":16,"column":null}},"6":{"start":{"line":19,"column":2},"end":{"line":19,"column":null}},"7":{"start":{"line":22,"column":2},"end":{"line":22,"column":null}},"8":{"start":{"line":25,"column":2},"end":{"line":25,"column":null}},"9":{"start":{"line":28,"column":2},"end":{"line":28,"column":null}},"10":{"start":{"line":31,"column":2},"end":{"line":31,"column":null}},"11":{"start":{"line":35,"column":2},"end":{"line":35,"column":null}},"12":{"start":{"line":34,"column":19},"end":{"line":34,"column":25}},"13":{"start":{"line":34,"column":39},"end":{"line":34,"column":50}},"14":{"start":{"line":39,"column":2},"end":{"line":39,"column":null}},"15":{"start":{"line":38,"column":19},"end":{"line":38,"column":26}},"16":{"start":{"line":38,"column":41},"end":{"line":38,"column":53}},"17":{"start":{"line":42,"column":2},"end":{"line":42,"column":null}},"18":{"start":{"line":45,"column":2},"end":{"line":45,"column":null}},"19":{"start":{"line":48,"column":2},"end":{"line":48,"column":null}},"20":{"start":{"line":51,"column":2},"end":{"line":51,"column":null}},"21":{"start":{"line":14,"column":13},"end":{"line":54,"column":null}}},"fnMap":{"0":{"name":"(anonymous_2)","decl":{"start":{"line":34,"column":13},"end":{"line":34,"column":16}},"loc":{"start":{"line":34,"column":19},"end":{"line":34,"column":25}}},"1":{"name":"(anonymous_3)","decl":{"start":{"line":34,"column":27},"end":{"line":34,"column":28}},"loc":{"start":{"line":34,"column":39},"end":{"line":34,"column":50}}},"2":{"name":"(anonymous_4)","decl":{"start":{"line":38,"column":13},"end":{"line":38,"column":16}},"loc":{"start":{"line":38,"column":19},"end":{"line":38,"column":26}}},"3":{"name":"(anonymous_5)","decl":{"start":{"line":38,"column":28},"end":{"line":38,"column":29}},"loc":{"start":{"line":38,"column":41},"end":{"line":38,"column":53}}}},"branchMap":{"0":{"loc":{"start":{"line":45,"column":14},"end":{"line":45,"column":19}},"type":"cond-expr","locations":[{"start":{"line":45,"column":18},"end":{"line":45,"column":19}},{"start":{"line":45,"column":18},"end":{"line":45,"column":19}}]},"1":{"loc":{"start":{"line":45,"column":14},"end":{"line":45,"column":18}},"type":"binary-expr","locations":[{"start":{"line":45,"column":14},"end":{"line":45,"column":19}},{"start":{"line":45,"column":14},"end":{"line":45,"column":18}}]},"2":{"loc":{"start":{"line":48,"column":14},"end":{"line":48,"column":19}},"type":"cond-expr","locations":[{"start":{"line":48,"column":18},"end":{"line":48,"column":19}},{"start":{"line":48,"column":18},"end":{"line":48,"column":19}}]},"3":{"loc":{"start":{"line":48,"column":14},"end":{"line":48,"column":18}},"type":"binary-expr","locations":[{"start":{"line":48,"column":14},"end":{"line":48,"column":19}},{"start":{"line":48,"column":14},"end":{"line":48,"column":18}}]}},"s":{"0":0,"1":0,"2":0,"3":0,"4":0,"5":0,"6":0,"7":0,"8":0,"9":0,"10":0,"11":0,"12":0,"13":0,"14":0,"15":0,"16":0,"17":0,"18":0,"19":0,"20":0,"21":0},"f":{"0":0,"1":0,"2":0,"3":0},"b":{"0":[0,0],"1":[0,0],"2":[0,0],"3":[0,0]}}
}
