TN:
SF:src\app.controller.ts
FN:6,(anonymous_2)
FN:9,(anonymous_3)
FNF:2
FNH:2
FNDA:1,(anonymous_2)
FNDA:1,(anonymous_3)
DA:1,1
DA:2,1
DA:5,1
DA:6,1
DA:9,1
DA:10,1
LF:6
LH:6
BRDA:6,0,0,1
BRDA:6,0,1,0
BRDA:6,1,0,1
BRDA:6,1,1,1
BRF:4
BRH:3
end_of_record
TN:
SF:src\app.module.ts
FNF:0
FNH:0
DA:1,2
DA:4,2
DA:5,2
DA:6,2
DA:7,2
DA:8,2
DA:9,2
DA:10,2
DA:41,2
LF:9
LH:9
BRDA:17,0,0,2
BRDA:17,0,1,0
BRDA:18,1,0,0
BRDA:18,1,1,2
BRDA:19,2,0,2
BRDA:19,2,1,0
BRDA:20,3,0,2
BRDA:20,3,1,0
BRDA:21,4,0,2
BRDA:21,4,1,0
BRDA:23,5,0,2
BRDA:23,5,1,0
BRDA:24,6,0,0
BRDA:24,6,1,2
BRF:14
BRH:7
end_of_record
TN:
SF:src\app.service.ts
FN:5,(anonymous_1)
FNF:1
FNH:1
FNDA:1,(anonymous_1)
DA:1,1
DA:4,1
DA:6,1
LF:3
LH:3
BRF:0
BRH:0
end_of_record
TN:
SF:src\main.ts
FN:5,bootstrap
FNF:1
FNH:1
FNDA:1,bootstrap
DA:1,1
DA:2,1
DA:3,1
DA:6,1
DA:8,1
DA:10,1
DA:16,1
DA:18,1
LF:8
LH:8
BRDA:16,0,0,1
BRDA:16,0,1,0
BRF:2
BRH:1
end_of_record
TN:
SF:src\auth\auth.controller.ts
FN:7,(anonymous_4)
FN:11,(anonymous_5)
FNF:2
FNH:2
FNDA:9,(anonymous_4)
FNDA:9,(anonymous_5)
DA:1,4
DA:2,4
DA:3,4
DA:6,4
DA:7,9
DA:11,4
DA:12,9
DA:13,2
DA:15,7
LF:9
LH:9
BRDA:12,0,0,2
BRDA:12,0,1,7
BRDA:12,1,0,9
BRDA:12,1,1,5
BRDA:11,2,0,4
BRDA:11,2,1,0
BRDA:11,3,0,4
BRDA:11,3,1,4
BRDA:7,4,0,4
BRDA:7,4,1,0
BRDA:7,5,0,4
BRDA:7,5,1,4
BRF:12
BRH:10
end_of_record
TN:
SF:src\auth\auth.module.ts
FN:10,(anonymous_1)
FNF:1
FNH:0
FNDA:0,(anonymous_1)
DA:2,3
DA:3,3
DA:4,3
DA:5,3
DA:6,3
DA:10,0
DA:21,3
LF:7
LH:6
BRDA:13,0,0,3
BRDA:13,0,1,3
BRF:2
BRH:2
end_of_record
TN:
SF:src\auth\auth.service.ts
FN:9,(anonymous_11)
FN:14,(anonymous_12)
FNF:2
FNH:2
FNDA:10,(anonymous_11)
FNDA:4,(anonymous_12)
DA:1,6
DA:3,6
DA:4,6
DA:5,6
DA:8,6
DA:10,10
DA:11,10
DA:15,4
DA:17,4
DA:18,1
DA:21,3
DA:23,3
DA:24,1
DA:27,2
DA:35,2
LF:15
LH:15
BRDA:17,0,0,1
BRDA:17,0,1,3
BRDA:23,1,0,1
BRDA:23,1,1,2
BRDA:10,2,0,6
BRDA:10,2,1,0
BRDA:10,3,0,6
BRDA:10,3,1,6
BRDA:10,4,0,6
BRDA:10,4,1,0
BRDA:10,5,0,6
BRDA:10,5,1,6
BRF:12
BRH:10
end_of_record
TN:
SF:src\auth\dto\create-auth.dto.ts
FNF:0
FNH:0
DA:1,1
LF:1
LH:1
BRF:0
BRH:0
end_of_record
TN:
SF:src\auth\dto\login.dto.ts
FNF:0
FNH:0
DA:1,5
DA:3,5
DA:6,5
DA:10,5
LF:4
LH:4
BRF:0
BRH:0
end_of_record
TN:
SF:src\auth\dto\update-auth.dto.ts
FNF:0
FNH:0
DA:1,1
DA:2,1
DA:4,1
LF:3
LH:3
BRF:0
BRH:0
end_of_record
TN:
SF:src\auth\entities\auth.entity.ts
FNF:0
FNH:0
DA:1,1
LF:1
LH:1
BRF:0
BRH:0
end_of_record
TN:
SF:src\recipes\recipes.controller.ts
FN:27,(anonymous_4)
FN:32,(anonymous_5)
FN:38,(anonymous_6)
FN:44,(anonymous_7)
FN:50,(anonymous_8)
FN:57,(anonymous_9)
FN:65,(anonymous_10)
FN:72,(anonymous_11)
FN:77,(anonymous_12)
FN:84,(anonymous_13)
FN:91,(anonymous_14)
FN:97,(anonymous_15)
FN:121,(anonymous_16)
FN:151,(anonymous_17)
FN:158,(anonymous_18)
FNF:15
FNH:7
FNDA:13,(anonymous_4)
FNDA:0,(anonymous_5)
FNDA:0,(anonymous_6)
FNDA:1,(anonymous_7)
FNDA:0,(anonymous_8)
FNDA:0,(anonymous_9)
FNDA:0,(anonymous_10)
FNDA:0,(anonymous_11)
FNDA:2,(anonymous_12)
FNDA:2,(anonymous_13)
FNDA:0,(anonymous_14)
FNDA:6,(anonymous_15)
FNDA:0,(anonymous_16)
FNDA:1,(anonymous_17)
FNDA:1,(anonymous_18)
DA:1,7
DA:16,7
DA:18,7
DA:19,7
DA:20,7
DA:21,7
DA:22,7
DA:23,7
DA:26,7
DA:27,13
DA:32,7
DA:33,0
DA:38,7
DA:39,0
DA:44,7
DA:45,1
DA:50,7
DA:51,0
DA:57,7
DA:58,0
DA:65,7
DA:66,0
DA:72,7
DA:73,0
DA:77,7
DA:78,2
DA:84,7
DA:85,2
DA:91,7
DA:92,0
DA:97,7
DA:103,6
DA:106,5
DA:107,4
DA:108,3
DA:111,3
DA:112,1
DA:116,2
DA:117,2
DA:118,1
DA:120,1
DA:121,1
DA:122,0
DA:123,0
DA:131,2
DA:132,2
DA:134,2
DA:135,2
DA:136,2
DA:138,2
DA:140,2
DA:141,2
DA:143,2
DA:144,1
DA:145,1
DA:148,2
DA:149,1
DA:150,1
DA:151,1
DA:152,1
DA:155,2
DA:156,1
DA:157,1
DA:158,1
DA:159,1
DA:160,1
DA:164,2
LF:67
LH:58
BRDA:101,0,0,0
BRDA:106,1,0,4
BRDA:106,1,1,1
BRDA:107,2,0,3
BRDA:107,2,1,1
BRDA:107,3,0,4
BRDA:107,3,1,4
BRDA:111,4,0,1
BRDA:111,4,1,2
BRDA:111,5,0,3
BRDA:111,5,1,3
BRDA:117,6,0,1
BRDA:117,6,1,1
BRDA:122,7,0,0
BRDA:122,7,1,0
BRDA:135,8,0,2
BRDA:135,8,1,0
BRDA:140,9,0,2
BRDA:140,9,1,0
BRDA:143,10,0,1
BRDA:143,10,1,1
BRDA:148,11,0,1
BRDA:148,11,1,1
BRDA:148,12,0,2
BRDA:148,12,1,1
BRDA:155,13,0,1
BRDA:155,13,1,1
BRDA:155,14,0,2
BRDA:155,14,1,1
BRDA:32,15,0,7
BRDA:32,15,1,0
BRDA:32,16,0,7
BRDA:32,16,1,7
BRDA:57,17,0,7
BRDA:57,17,1,0
BRDA:57,18,0,7
BRDA:57,18,1,7
BRDA:72,19,0,7
BRDA:72,19,1,0
BRDA:72,20,0,7
BRDA:72,20,1,7
BRDA:27,21,0,7
BRDA:27,21,1,0
BRDA:27,22,0,7
BRDA:27,22,1,7
BRF:45
BRH:36
end_of_record
TN:
SF:src\recipes\recipes.module.ts
FN:14,(anonymous_1)
FNF:1
FNH:0
FNDA:0,(anonymous_1)
DA:2,3
DA:3,3
DA:4,3
DA:5,3
DA:6,3
DA:7,3
DA:8,3
DA:9,3
DA:14,0
DA:20,3
LF:10
LH:9
BRF:0
BRH:0
end_of_record
TN:
SF:src\recipes\recipes.service.ts
FN:20,(anonymous_4)
FN:28,(anonymous_5)
FN:40,(anonymous_6)
FN:48,(anonymous_7)
FN:53,(anonymous_8)
FN:58,(anonymous_9)
FN:74,(anonymous_10)
FN:87,(anonymous_11)
FN:103,(anonymous_12)
FN:114,(anonymous_13)
FN:127,(anonymous_14)
FN:138,(anonymous_15)
FN:154,(anonymous_16)
FN:167,(anonymous_17)
FNF:14
FNH:14
FNDA:113,(anonymous_4)
FNDA:1,(anonymous_5)
FNDA:6,(anonymous_6)
FNDA:7,(anonymous_7)
FNDA:23,(anonymous_8)
FNDA:24,(anonymous_9)
FNDA:55,(anonymous_10)
FNDA:3,(anonymous_11)
FNDA:5,(anonymous_12)
FNDA:6,(anonymous_13)
FNDA:1,(anonymous_14)
FNDA:4,(anonymous_15)
FNDA:31,(anonymous_16)
FNDA:20,(anonymous_17)
DA:1,38
DA:9,38
DA:10,38
DA:11,38
DA:12,38
DA:19,38
DA:22,113
DA:24,113
DA:29,1
DA:36,1
DA:41,6
DA:49,7
DA:52,7
DA:53,23
DA:59,24
DA:60,4
DA:62,20
DA:63,20
DA:69,2
DA:75,55
DA:80,55
DA:81,17
DA:83,38
DA:92,3
DA:94,2
DA:95,1
DA:98,1
DA:99,1
DA:104,5
DA:106,4
DA:107,2
DA:110,2
DA:118,6
DA:120,5
DA:121,1
DA:124,5
DA:126,5
DA:127,1
DA:129,4
DA:132,5
DA:134,5
DA:135,5
DA:143,4
DA:145,2
DA:151,2
DA:155,31
DA:156,22
DA:157,22
DA:163,4
DA:168,20
DA:173,20
DA:174,5
DA:177,15
DA:178,5
DA:181,10
DA:182,10
DA:184,2
LF:57
LH:57
BRDA:53,0,0,23
BRDA:53,0,1,19
BRDA:58,1,0,17
BRDA:59,2,0,4
BRDA:59,2,1,20
BRDA:80,3,0,17
BRDA:80,3,1,38
BRDA:94,4,0,1
BRDA:94,4,1,1
BRDA:106,5,0,2
BRDA:106,5,1,2
BRDA:120,6,0,1
BRDA:120,6,1,4
BRDA:126,7,0,1
BRDA:126,7,1,4
BRDA:173,8,0,5
BRDA:173,8,1,15
BRDA:177,9,0,5
BRDA:177,9,1,10
BRDA:22,10,0,38
BRDA:22,10,1,0
BRDA:22,11,0,38
BRDA:22,11,1,38
BRDA:22,12,0,38
BRDA:22,12,1,0
BRDA:22,13,0,38
BRDA:22,13,1,38
BRF:27
BRH:25
end_of_record
TN:
SF:src\recipes\dto\create-comment.dto.ts
FNF:0
FNH:0
DA:1,7
DA:3,7
DA:6,7
LF:3
LH:3
BRF:0
BRH:0
end_of_record
TN:
SF:src\recipes\dto\create-recipe.dto.ts
FNF:0
FNH:0
DA:2,8
DA:4,8
DA:6,8
DA:9,8
DA:13,8
DA:17,8
DA:21,8
DA:25,8
LF:8
LH:8
BRF:0
BRH:0
end_of_record
TN:
SF:src\recipes\dto\update-recipe.dto.ts
FNF:0
FNH:0
DA:1,7
DA:2,7
DA:4,7
LF:3
LH:3
BRF:0
BRH:0
end_of_record
TN:
SF:src\recipes\entities\comment.entity.ts
FN:20,(anonymous_2)
FN:20,(anonymous_3)
FN:23,(anonymous_4)
FN:23,(anonymous_5)
FNF:4
FNH:0
FNDA:0,(anonymous_2)
FNDA:0,(anonymous_3)
FNDA:0,(anonymous_4)
FNDA:0,(anonymous_5)
DA:1,53
DA:9,53
DA:10,53
DA:13,53
DA:15,53
DA:18,53
DA:20,0
DA:21,53
DA:23,0
DA:24,53
DA:27,53
DA:30,53
LF:12
LH:10
BRDA:21,0,0,0
BRDA:21,0,1,53
BRDA:21,1,0,53
BRDA:21,1,1,0
BRDA:24,2,0,20
BRDA:24,2,1,33
BRDA:24,3,0,53
BRDA:24,3,1,20
BRDA:27,4,0,53
BRDA:27,4,1,0
BRDA:27,5,0,53
BRDA:27,5,1,53
BRDA:30,6,0,53
BRDA:30,6,1,0
BRDA:30,7,0,53
BRDA:30,7,1,53
BRF:16
BRH:12
end_of_record
TN:
SF:src\recipes\entities\recipe.entity.ts
FN:33,(anonymous_2)
FN:33,(anonymous_3)
FN:36,(anonymous_4)
FN:36,(anonymous_5)
FNF:4
FNH:0
FNDA:0,(anonymous_2)
FNDA:0,(anonymous_3)
FNDA:0,(anonymous_4)
FNDA:0,(anonymous_5)
DA:1,53
DA:10,53
DA:11,53
DA:14,53
DA:16,53
DA:19,53
DA:22,53
DA:25,53
DA:28,53
DA:31,53
DA:33,0
DA:34,53
DA:36,0
DA:37,53
DA:40,53
DA:43,53
DA:46,53
DA:49,53
DA:52,53
DA:55,53
LF:20
LH:18
BRDA:34,0,0,33
BRDA:34,0,1,20
BRDA:34,1,0,53
BRDA:34,1,1,33
BRDA:52,2,0,53
BRDA:52,2,1,0
BRDA:52,3,0,53
BRDA:52,3,1,53
BRDA:55,4,0,53
BRDA:55,4,1,0
BRDA:55,5,0,53
BRDA:55,5,1,53
BRF:12
BRH:10
end_of_record
TN:
SF:src\security\auth.guard.ts
FN:7,(anonymous_2)
FN:9,(anonymous_3)
FNF:2
FNH:2
FNDA:42,(anonymous_2)
FNDA:34,(anonymous_3)
DA:2,20
DA:3,20
DA:6,20
DA:7,42
DA:10,34
DA:11,34
DA:12,34
DA:14,24
DA:15,24
DA:17,19
DA:18,19
DA:19,9
DA:25,9
DA:26,4
DA:28,15
LF:15
LH:15
BRDA:12,0,0,10
BRDA:12,0,1,24
BRDA:15,1,0,5
BRDA:15,1,1,19
BRDA:15,2,0,24
BRDA:15,2,1,20
BRDA:20,3,0,9
BRDA:20,3,1,6
BRDA:25,4,0,5
BRDA:25,4,1,4
BRDA:7,5,0,20
BRDA:7,5,1,0
BRDA:7,6,0,20
BRDA:7,6,1,20
BRF:14
BRH:13
end_of_record
TN:
SF:src\security\recipe-owner.guard.ts
FN:7,(anonymous_2)
FN:9,(anonymous_3)
FNF:2
FNH:2
FNDA:14,(anonymous_2)
FNDA:6,(anonymous_3)
DA:2,8
DA:3,8
DA:6,8
DA:7,14
DA:10,6
DA:11,6
DA:12,6
DA:14,6
DA:15,5
DA:17,4
DA:18,4
DA:20,3
DA:21,1
DA:23,2
LF:14
LH:14
BRDA:14,0,0,1
BRDA:14,0,1,5
BRDA:15,1,0,1
BRDA:15,1,1,4
BRDA:18,2,0,1
BRDA:18,2,1,3
BRDA:20,3,0,1
BRDA:20,3,1,2
BRDA:7,4,0,8
BRDA:7,4,1,0
BRDA:7,5,0,8
BRDA:7,5,1,8
BRF:12
BRH:11
end_of_record
TN:
SF:src\security\role.guard.ts
FN:7,(anonymous_2)
FN:9,(anonymous_3)
FN:44,(anonymous_4)
FNF:3
FNH:3
FNDA:23,(anonymous_2)
FNDA:23,(anonymous_3)
FNDA:19,(anonymous_4)
DA:1,11
DA:2,11
DA:3,11
DA:6,11
DA:7,23
DA:10,23
DA:11,23
DA:12,23
DA:13,23
DA:14,4
DA:16,19
DA:17,19
DA:18,19
DA:19,17
DA:22,17
DA:23,10
DA:24,8
DA:25,2
DA:29,7
DA:30,7
DA:31,4
DA:35,10
DA:36,2
DA:38,8
DA:39,8
DA:41,9
DA:45,19
DA:46,19
DA:47,17
DA:49,2
LF:30
LH:30
BRDA:13,0,0,4
BRDA:13,0,1,19
BRDA:22,1,0,10
BRDA:22,1,1,7
BRDA:24,2,0,2
BRDA:24,2,1,6
BRDA:30,3,0,4
BRDA:30,3,1,3
BRDA:35,4,0,2
BRDA:35,4,1,8
BRDA:39,5,0,8
BRDA:39,5,1,0
BRDA:46,6,0,17
BRDA:46,6,1,2
BRDA:7,7,0,11
BRDA:7,7,1,0
BRDA:7,8,0,11
BRDA:7,8,1,11
BRDA:7,9,0,11
BRDA:7,9,1,0
BRDA:7,10,0,11
BRDA:7,10,1,11
BRF:22
BRH:19
end_of_record
TN:
SF:src\seeder\seeder.module.ts
FNF:0
FNH:0
DA:1,2
DA:2,2
DA:3,2
DA:4,2
DA:5,2
DA:11,2
LF:6
LH:6
BRF:0
BRH:0
end_of_record
TN:
SF:src\seeder\seeder.service.ts
FN:12,(anonymous_13)
FN:19,(anonymous_14)
FN:23,(anonymous_15)
FNF:3
FNH:3
FNDA:5,(anonymous_13)
FNDA:1,(anonymous_14)
FNDA:3,(anonymous_15)
DA:1,3
DA:2,3
DA:3,3
DA:4,3
DA:5,3
DA:6,3
DA:9,3
DA:10,5
DA:14,5
DA:16,5
DA:20,1
DA:24,3
DA:26,3
DA:27,1
DA:28,1
DA:31,2
DA:34,2
DA:35,2
DA:36,1
DA:37,1
DA:45,1
DA:46,1
DA:50,2
DA:173,2
DA:174,2
DA:175,2
LF:26
LH:26
BRDA:26,0,0,1
BRDA:26,0,1,2
BRDA:35,1,0,1
BRDA:35,1,1,1
BRDA:14,2,0,3
BRDA:14,2,1,0
BRDA:14,3,0,3
BRDA:14,3,1,3
BRDA:14,4,0,3
BRDA:14,4,1,0
BRDA:14,5,0,3
BRDA:14,5,1,3
BRF:12
BRH:10
end_of_record
TN:
SF:src\uploads\supabase-storage.service.ts
FN:12,(anonymous_11)
FN:30,(anonymous_12)
FN:55,(anonymous_13)
FN:78,(anonymous_14)
FN:97,(anonymous_15)
FNF:5
FNH:5
FNDA:6,(anonymous_11)
FNDA:2,(anonymous_12)
FNDA:1,(anonymous_13)
FNDA:2,(anonymous_14)
FNDA:2,(anonymous_15)
DA:1,5
DA:2,5
DA:3,5
DA:4,5
DA:7,5
DA:8,6
DA:10,6
DA:13,6
DA:14,6
DA:16,6
DA:17,1
DA:22,5
DA:31,2
DA:32,2
DA:33,2
DA:35,2
DA:42,2
DA:43,1
DA:44,1
DA:47,1
DA:56,1
DA:57,1
DA:58,1
DA:60,1
DA:67,1
DA:68,0
DA:69,0
DA:72,1
DA:79,2
DA:82,2
DA:83,2
DA:84,2
DA:85,1
DA:88,2
DA:92,2
DA:93,1
DA:98,2
DA:101,2
LF:38
LH:36
BRDA:16,0,0,1
BRDA:16,0,1,5
BRDA:16,1,0,6
BRDA:16,1,1,5
BRDA:42,2,0,1
BRDA:42,2,1,1
BRDA:67,3,0,0
BRDA:67,3,1,1
BRDA:84,4,0,1
BRDA:84,4,1,1
BRDA:92,5,0,1
BRDA:92,5,1,1
BRF:12
BRH:11
end_of_record
TN:
SF:src\uploads\uploads.controller.ts
FN:23,(anonymous_4)
FN:33,(anonymous_5)
FN:45,(anonymous_6)
FN:69,(anonymous_7)
FN:79,(anonymous_8)
FN:91,(anonymous_9)
FNF:6
FNH:5
FNDA:0,(anonymous_4)
FNDA:9,(anonymous_5)
FNDA:3,(anonymous_6)
FNDA:3,(anonymous_7)
FNDA:3,(anonymous_8)
FNDA:3,(anonymous_9)
DA:1,4
DA:15,4
DA:16,4
DA:17,4
DA:18,4
DA:20,4
DA:21,4
DA:23,4
DA:24,0
DA:25,0
DA:27,0
DA:32,4
DA:33,9
DA:45,4
DA:49,3
DA:51,2
DA:52,2
DA:53,1
DA:55,1
DA:69,4
DA:73,3
DA:74,1
DA:77,2
DA:78,2
DA:79,3
DA:81,1
DA:83,1
DA:91,4
DA:92,3
DA:94,2
DA:95,2
DA:96,1
DA:98,1
LF:33
LH:30
BRDA:24,0,0,0
BRDA:24,0,1,0
BRDA:49,1,0,1
BRDA:49,1,1,2
BRDA:52,2,0,2
BRDA:52,2,1,0
BRDA:73,3,0,1
BRDA:73,3,1,2
BRDA:73,4,0,3
BRDA:73,4,1,3
BRDA:92,5,0,1
BRDA:92,5,1,2
BRDA:46,6,0,0
BRDA:46,6,1,4
BRDA:46,7,0,4
BRDA:46,7,1,0
BRDA:46,7,2,0
BRDA:70,8,0,4
BRDA:70,8,1,0
BRDA:70,9,0,4
BRDA:70,9,1,4
BRDA:33,10,0,4
BRDA:33,10,1,0
BRDA:33,11,0,4
BRDA:33,11,1,4
BRF:25
BRH:17
end_of_record
TN:
SF:src\uploads\uploads.module.ts
FNF:0
FNH:0
DA:1,3
DA:2,3
DA:3,3
DA:4,3
DA:12,3
LF:5
LH:5
BRF:0
BRH:0
end_of_record
TN:
SF:src\user\user.controller.ts
FN:24,(anonymous_4)
FN:27,(anonymous_5)
FN:33,(anonymous_6)
FN:39,(anonymous_7)
FN:45,(anonymous_8)
FN:52,(anonymous_9)
FNF:6
FNH:6
FNDA:13,(anonymous_4)
FNDA:1,(anonymous_5)
FNDA:3,(anonymous_6)
FNDA:3,(anonymous_7)
FNDA:5,(anonymous_8)
FNDA:1,(anonymous_9)
DA:3,8
DA:16,8
DA:17,8
DA:18,8
DA:19,8
DA:20,8
DA:23,8
DA:24,13
DA:27,8
DA:28,1
DA:33,8
DA:34,3
DA:39,8
DA:40,3
DA:45,8
DA:46,5
DA:52,8
DA:53,1
LF:18
LH:18
BRDA:27,0,0,8
BRDA:27,0,1,0
BRDA:27,1,0,8
BRDA:27,1,1,8
BRDA:39,2,0,8
BRDA:39,2,1,0
BRDA:39,3,0,8
BRDA:39,3,1,8
BRDA:24,4,0,8
BRDA:24,4,1,0
BRDA:24,5,0,8
BRDA:24,5,1,8
BRF:12
BRH:9
end_of_record
TN:
SF:src\user\user.module.ts
FN:15,(anonymous_1)
FN:16,(anonymous_2)
FNF:2
FNH:0
FNDA:0,(anonymous_1)
FNDA:0,(anonymous_2)
DA:1,3
DA:2,3
DA:4,3
DA:5,3
DA:6,3
DA:8,3
DA:9,3
DA:15,0
DA:16,0
DA:25,3
LF:10
LH:8
BRF:0
BRH:0
end_of_record
TN:
SF:src\user\user.service.ts
FN:11,(anonymous_13)
FN:16,(anonymous_14)
FN:22,(anonymous_15)
FN:39,(anonymous_16)
FN:41,(anonymous_17)
FN:44,(anonymous_18)
FN:56,(anonymous_19)
FN:64,(anonymous_20)
FN:81,(anonymous_21)
FNF:9
FNH:9
FNDA:89,(anonymous_13)
FNDA:37,(anonymous_14)
FNDA:9,(anonymous_15)
FNDA:11,(anonymous_16)
FNDA:11,(anonymous_17)
FNDA:26,(anonymous_18)
FNDA:7,(anonymous_19)
FNDA:17,(anonymous_20)
FNDA:5,(anonymous_21)
DA:1,22
DA:2,22
DA:3,22
DA:4,22
DA:5,22
DA:10,22
DA:13,89
DA:17,37
DA:18,37
DA:19,37
DA:23,9
DA:24,9
DA:26,7
DA:27,5
DA:28,5
DA:31,5
DA:33,5
DA:34,5
DA:36,5
DA:40,11
DA:41,11
DA:46,26
DA:47,26
DA:49,4
DA:51,22
DA:52,15
DA:57,7
DA:61,7
DA:65,17
DA:66,5
DA:67,5
DA:70,14
DA:72,13
DA:73,3
DA:76,10
DA:77,10
DA:78,6
DA:82,5
DA:83,5
DA:84,3
LF:40
LH:40
BRDA:17,0,0,0
BRDA:17,0,1,37
BRDA:24,1,0,2
BRDA:24,1,1,7
BRDA:26,2,0,5
BRDA:26,2,1,2
BRDA:28,3,0,2
BRDA:28,3,1,3
BRDA:51,4,0,7
BRDA:51,4,1,15
BRDA:65,5,0,5
BRDA:65,5,1,12
BRDA:67,6,0,3
BRDA:67,6,1,2
BRDA:67,7,0,5
BRDA:67,7,1,5
BRDA:72,8,0,3
BRDA:72,8,1,10
BRDA:72,9,0,13
BRDA:72,9,1,13
BRDA:77,10,0,4
BRDA:77,10,1,6
BRDA:83,11,0,2
BRDA:83,11,1,3
BRDA:13,12,0,22
BRDA:13,12,1,0
BRDA:13,13,0,22
BRDA:13,13,1,22
BRF:28
BRH:26
end_of_record
TN:
SF:src\user\dto\create-user.dto.ts
FNF:0
FNH:0
DA:1,8
LF:1
LH:1
BRF:0
BRH:0
end_of_record
TN:
SF:src\user\dto\update-user.dto.ts
FNF:0
FNH:0
DA:1,8
DA:2,8
DA:4,8
LF:3
LH:3
BRF:0
BRH:0
end_of_record
TN:
SF:src\user\entities\user.entity.ts
FN:34,(anonymous_2)
FN:34,(anonymous_3)
FN:38,(anonymous_4)
FN:38,(anonymous_5)
FNF:4
FNH:0
FNDA:0,(anonymous_2)
FNDA:0,(anonymous_3)
FNDA:0,(anonymous_4)
FNDA:0,(anonymous_5)
DA:1,53
DA:10,53
DA:11,53
DA:14,53
DA:16,53
DA:19,53
DA:22,53
DA:25,53
DA:28,53
DA:31,53
DA:34,0
DA:35,53
DA:38,0
DA:39,53
DA:42,53
DA:45,53
DA:48,53
DA:51,53
LF:18
LH:16
BRDA:45,0,0,53
BRDA:45,0,1,0
BRDA:45,1,0,53
BRDA:45,1,1,53
BRDA:48,2,0,53
BRDA:48,2,1,0
BRDA:48,3,0,53
BRDA:48,3,1,53
BRF:8
BRH:6
end_of_record
