TN:
SF:src\app.controller.ts
FN:6,(anonymous_2)
FN:9,(anonymous_3)
FNF:2
FNH:2
FNDA:1,(anonymous_2)
FNDA:1,(anonymous_3)
DA:1,1
DA:2,1
DA:5,1
DA:6,1
DA:9,1
DA:10,1
LF:6
LH:6
BRDA:6,0,0,1
BRDA:6,0,1,0
BRDA:6,1,0,1
BRDA:6,1,1,1
BRF:4
BRH:3
end_of_record
TN:
SF:src\app.module.ts
FNF:0
FNH:0
DA:1,0
DA:4,0
DA:5,0
DA:6,0
DA:7,0
DA:8,0
DA:9,0
DA:10,0
DA:11,0
DA:44,0
LF:10
LH:0
BRDA:18,0,0,0
BRDA:18,0,1,0
BRDA:19,1,0,0
BRDA:19,1,1,0
BRDA:20,2,0,0
BRDA:20,2,1,0
BRDA:21,3,0,0
BRDA:21,3,1,0
BRDA:22,4,0,0
BRDA:22,4,1,0
BRDA:25,5,0,0
BRDA:25,5,1,0
BRF:12
BRH:0
end_of_record
TN:
SF:src\app.service.ts
FN:5,(anonymous_1)
FNF:1
FNH:1
FNDA:1,(anonymous_1)
DA:1,1
DA:4,1
DA:6,1
LF:3
LH:3
BRF:0
BRH:0
end_of_record
TN:
SF:src\main.ts
FN:5,bootstrap
FNF:1
FNH:0
FNDA:0,bootstrap
DA:1,0
DA:2,0
DA:3,0
DA:6,0
DA:8,0
DA:10,0
DA:16,0
DA:18,0
LF:8
LH:0
BRDA:16,0,0,0
BRDA:16,0,1,0
BRF:2
BRH:0
end_of_record
TN:
SF:src\auth\auth.controller.ts
FN:7,(anonymous_4)
FN:11,(anonymous_5)
FNF:2
FNH:2
FNDA:6,(anonymous_4)
FNDA:6,(anonymous_5)
DA:1,1
DA:2,1
DA:3,1
DA:6,1
DA:7,6
DA:11,1
DA:12,6
DA:13,4
DA:15,2
LF:9
LH:9
BRDA:12,0,0,4
BRDA:12,0,1,2
BRDA:12,1,0,6
BRDA:12,1,1,5
BRDA:11,2,0,1
BRDA:11,2,1,0
BRDA:11,3,0,1
BRDA:11,3,1,1
BRDA:7,4,0,1
BRDA:7,4,1,0
BRDA:7,5,0,1
BRDA:7,5,1,1
BRF:12
BRH:10
end_of_record
TN:
SF:src\auth\auth.module.ts
FN:10,(anonymous_1)
FNF:1
FNH:0
FNDA:0,(anonymous_1)
DA:2,0
DA:3,0
DA:4,0
DA:5,0
DA:6,0
DA:10,0
DA:21,0
LF:7
LH:0
BRF:0
BRH:0
end_of_record
TN:
SF:src\auth\auth.service.ts
FN:9,(anonymous_11)
FN:14,(anonymous_12)
FNF:2
FNH:2
FNDA:7,(anonymous_11)
FNDA:7,(anonymous_12)
DA:1,2
DA:3,2
DA:4,2
DA:5,2
DA:8,2
DA:10,7
DA:11,7
DA:15,7
DA:17,7
DA:18,1
DA:21,6
DA:23,6
DA:24,1
DA:27,5
DA:35,5
LF:15
LH:15
BRDA:17,0,0,1
BRDA:17,0,1,6
BRDA:23,1,0,1
BRDA:23,1,1,5
BRDA:10,2,0,2
BRDA:10,2,1,0
BRDA:10,3,0,2
BRDA:10,3,1,2
BRDA:10,4,0,2
BRDA:10,4,1,0
BRDA:10,5,0,2
BRDA:10,5,1,2
BRF:12
BRH:10
end_of_record
TN:
SF:src\auth\dto\create-auth.dto.ts
FNF:0
FNH:0
DA:1,0
LF:1
LH:0
BRF:0
BRH:0
end_of_record
TN:
SF:src\auth\dto\login.dto.ts
FNF:0
FNH:0
DA:1,1
LF:1
LH:1
BRF:0
BRH:0
end_of_record
TN:
SF:src\auth\dto\update-auth.dto.ts
FNF:0
FNH:0
DA:1,0
DA:2,0
DA:4,0
LF:3
LH:0
BRF:0
BRH:0
end_of_record
TN:
SF:src\auth\entities\auth.entity.ts
FNF:0
FNH:0
DA:1,0
LF:1
LH:0
BRF:0
BRH:0
end_of_record
TN:
SF:src\recipes\recipes.controller.ts
FN:27,(anonymous_4)
FN:32,(anonymous_5)
FN:38,(anonymous_6)
FN:44,(anonymous_7)
FN:50,(anonymous_8)
FN:57,(anonymous_9)
FN:65,(anonymous_10)
FN:72,(anonymous_11)
FN:77,(anonymous_12)
FN:84,(anonymous_13)
FN:91,(anonymous_14)
FN:97,(anonymous_15)
FN:114,(anonymous_16)
FN:144,(anonymous_17)
FN:151,(anonymous_18)
FNF:15
FNH:0
FNDA:0,(anonymous_4)
FNDA:0,(anonymous_5)
FNDA:0,(anonymous_6)
FNDA:0,(anonymous_7)
FNDA:0,(anonymous_8)
FNDA:0,(anonymous_9)
FNDA:0,(anonymous_10)
FNDA:0,(anonymous_11)
FNDA:0,(anonymous_12)
FNDA:0,(anonymous_13)
FNDA:0,(anonymous_14)
FNDA:0,(anonymous_15)
FNDA:0,(anonymous_16)
FNDA:0,(anonymous_17)
FNDA:0,(anonymous_18)
DA:1,1
DA:16,1
DA:18,1
DA:19,1
DA:20,1
DA:21,1
DA:22,1
DA:23,1
DA:26,1
DA:27,0
DA:32,1
DA:33,0
DA:38,1
DA:39,0
DA:44,1
DA:45,0
DA:50,1
DA:51,0
DA:57,1
DA:58,0
DA:65,1
DA:66,0
DA:72,1
DA:73,0
DA:77,1
DA:78,0
DA:84,1
DA:85,0
DA:91,1
DA:92,0
DA:97,1
DA:103,0
DA:106,0
DA:107,0
DA:108,0
DA:109,0
DA:110,0
DA:111,0
DA:113,0
DA:114,0
DA:115,0
DA:116,0
DA:124,0
DA:125,0
DA:127,0
DA:128,0
DA:129,0
DA:131,0
DA:133,0
DA:134,0
DA:136,0
DA:137,0
DA:138,0
DA:141,0
DA:142,0
DA:143,0
DA:144,0
DA:145,0
DA:148,0
DA:149,0
DA:150,0
DA:151,0
DA:152,0
DA:153,0
DA:157,0
LF:65
LH:20
BRDA:99,0,0,0
BRDA:106,1,0,0
BRDA:106,1,1,0
BRDA:107,2,0,0
BRDA:107,2,1,0
BRDA:107,3,0,0
BRDA:107,3,1,0
BRDA:110,4,0,0
BRDA:110,4,1,0
BRDA:115,5,0,0
BRDA:115,5,1,0
BRDA:128,6,0,0
BRDA:128,6,1,0
BRDA:133,7,0,0
BRDA:133,7,1,0
BRDA:136,8,0,0
BRDA:136,8,1,0
BRDA:141,9,0,0
BRDA:141,9,1,0
BRDA:141,10,0,0
BRDA:141,10,1,0
BRDA:148,11,0,0
BRDA:148,11,1,0
BRDA:148,12,0,0
BRDA:148,12,1,0
BRDA:32,13,0,1
BRDA:32,13,1,0
BRDA:32,14,0,1
BRDA:32,14,1,1
BRDA:57,15,0,1
BRDA:57,15,1,0
BRDA:57,16,0,1
BRDA:57,16,1,1
BRDA:72,17,0,1
BRDA:72,17,1,0
BRDA:72,18,0,1
BRDA:72,18,1,1
BRDA:27,19,0,1
BRDA:27,19,1,0
BRDA:27,20,0,1
BRDA:27,20,1,1
BRF:41
BRH:12
end_of_record
TN:
SF:src\recipes\recipes.module.ts
FN:14,(anonymous_1)
FNF:1
FNH:0
FNDA:0,(anonymous_1)
DA:2,0
DA:3,0
DA:4,0
DA:5,0
DA:6,0
DA:7,0
DA:8,0
DA:9,0
DA:14,0
DA:20,0
LF:10
LH:0
BRF:0
BRH:0
end_of_record
TN:
SF:src\recipes\recipes.service.ts
FN:17,(anonymous_4)
FN:25,(anonymous_5)
FN:37,(anonymous_6)
FN:45,(anonymous_7)
FN:54,(anonymous_8)
FN:67,(anonymous_9)
FN:83,(anonymous_10)
FN:94,(anonymous_11)
FN:107,(anonymous_12)
FN:118,(anonymous_13)
FN:134,(anonymous_14)
FN:143,(anonymous_15)
FNF:12
FNH:5
FNDA:16,(anonymous_4)
FNDA:7,(anonymous_5)
FNDA:0,(anonymous_6)
FNDA:0,(anonymous_7)
FNDA:9,(anonymous_8)
FNDA:0,(anonymous_9)
FNDA:0,(anonymous_10)
FNDA:9,(anonymous_11)
FNDA:4,(anonymous_12)
FNDA:0,(anonymous_13)
FNDA:0,(anonymous_14)
FNDA:0,(anonymous_15)
DA:1,2
DA:6,2
DA:7,2
DA:8,2
DA:9,2
DA:16,2
DA:19,16
DA:21,16
DA:26,7
DA:33,7
DA:38,0
DA:46,0
DA:55,9
DA:60,9
DA:61,1
DA:63,8
DA:72,0
DA:74,0
DA:75,0
DA:78,0
DA:79,0
DA:84,0
DA:86,0
DA:87,0
DA:90,0
DA:98,9
DA:100,8
DA:101,1
DA:104,8
DA:106,8
DA:107,4
DA:109,5
DA:112,8
DA:114,8
DA:115,7
DA:123,0
DA:125,0
DA:131,0
DA:135,0
DA:136,0
DA:144,0
DA:149,0
DA:150,0
DA:153,0
DA:154,0
DA:157,0
LF:46
LH:24
BRDA:45,0,0,0
BRDA:60,1,0,1
BRDA:60,1,1,8
BRDA:74,2,0,0
BRDA:74,2,1,0
BRDA:86,3,0,0
BRDA:86,3,1,0
BRDA:100,4,0,1
BRDA:100,4,1,7
BRDA:106,5,0,3
BRDA:106,5,1,5
BRDA:149,6,0,0
BRDA:149,6,1,0
BRDA:153,7,0,0
BRDA:153,7,1,0
BRDA:19,8,0,2
BRDA:19,8,1,0
BRDA:19,9,0,2
BRDA:19,9,1,2
BRDA:19,10,0,2
BRDA:19,10,1,0
BRDA:19,11,0,2
BRDA:19,11,1,2
BRF:23
BRH:12
end_of_record
TN:
SF:src\recipes\dto\create-comment.dto.ts
FNF:0
FNH:0
DA:1,1
DA:3,1
DA:6,1
LF:3
LH:3
BRF:0
BRH:0
end_of_record
TN:
SF:src\recipes\dto\create-recipe.dto.ts
FNF:0
FNH:0
DA:2,1
DA:4,1
DA:6,1
DA:9,1
DA:12,1
DA:16,1
DA:20,1
DA:24,1
LF:8
LH:8
BRF:0
BRH:0
end_of_record
TN:
SF:src\recipes\dto\update-recipe.dto.ts
FNF:0
FNH:0
DA:1,1
DA:2,1
DA:4,1
LF:3
LH:3
BRF:0
BRH:0
end_of_record
TN:
SF:src\recipes\entities\comment.entity.ts
FN:20,(anonymous_2)
FN:20,(anonymous_3)
FN:23,(anonymous_4)
FN:23,(anonymous_5)
FNF:4
FNH:0
FNDA:0,(anonymous_2)
FNDA:0,(anonymous_3)
FNDA:0,(anonymous_4)
FNDA:0,(anonymous_5)
DA:1,5
DA:9,5
DA:10,5
DA:13,5
DA:15,5
DA:18,5
DA:20,0
DA:21,5
DA:23,0
DA:24,5
DA:27,5
DA:30,5
LF:12
LH:10
BRDA:21,0,0,0
BRDA:21,0,1,5
BRDA:21,1,0,5
BRDA:21,1,1,0
BRDA:24,2,0,3
BRDA:24,2,1,2
BRDA:24,3,0,5
BRDA:24,3,1,3
BRDA:27,4,0,5
BRDA:27,4,1,0
BRDA:27,5,0,5
BRDA:27,5,1,5
BRDA:30,6,0,5
BRDA:30,6,1,0
BRDA:30,7,0,5
BRDA:30,7,1,5
BRF:16
BRH:12
end_of_record
TN:
SF:src\recipes\entities\recipe.entity.ts
FN:36,(anonymous_2)
FN:36,(anonymous_3)
FN:39,(anonymous_4)
FN:39,(anonymous_5)
FNF:4
FNH:0
FNDA:0,(anonymous_2)
FNDA:0,(anonymous_3)
FNDA:0,(anonymous_4)
FNDA:0,(anonymous_5)
DA:1,5
DA:10,5
DA:11,5
DA:14,5
DA:16,5
DA:19,5
DA:22,5
DA:25,5
DA:28,5
DA:31,5
DA:34,5
DA:36,0
DA:37,5
DA:39,0
DA:40,5
DA:43,5
DA:46,5
DA:49,5
DA:52,5
LF:19
LH:17
BRDA:37,0,0,2
BRDA:37,0,1,3
BRDA:37,1,0,5
BRDA:37,1,1,2
BRDA:49,2,0,5
BRDA:49,2,1,0
BRDA:49,3,0,5
BRDA:49,3,1,5
BRDA:52,4,0,5
BRDA:52,4,1,0
BRDA:52,5,0,5
BRDA:52,5,1,5
BRF:12
BRH:10
end_of_record
TN:
SF:src\security\auth.guard.ts
FN:7,(anonymous_2)
FN:9,(anonymous_3)
FNF:2
FNH:0
FNDA:0,(anonymous_2)
FNDA:0,(anonymous_3)
DA:2,1
DA:3,1
DA:6,1
DA:7,0
DA:10,0
DA:11,0
DA:12,0
DA:14,0
DA:15,0
DA:17,0
DA:18,0
DA:19,0
DA:25,0
DA:26,0
DA:28,0
LF:15
LH:3
BRDA:12,0,0,0
BRDA:12,0,1,0
BRDA:15,1,0,0
BRDA:15,1,1,0
BRDA:15,2,0,0
BRDA:15,2,1,0
BRDA:20,3,0,0
BRDA:20,3,1,0
BRDA:25,4,0,0
BRDA:25,4,1,0
BRDA:7,5,0,1
BRDA:7,5,1,0
BRDA:7,6,0,1
BRDA:7,6,1,1
BRF:14
BRH:3
end_of_record
TN:
SF:src\security\recipe-owner.guard.ts
FN:7,(anonymous_2)
FN:9,(anonymous_3)
FNF:2
FNH:0
FNDA:0,(anonymous_2)
FNDA:0,(anonymous_3)
DA:2,1
DA:3,1
DA:6,1
DA:7,0
DA:10,0
DA:11,0
DA:12,0
DA:14,0
DA:15,0
DA:17,0
DA:18,0
DA:20,0
DA:21,0
DA:23,0
LF:14
LH:3
BRDA:14,0,0,0
BRDA:14,0,1,0
BRDA:15,1,0,0
BRDA:15,1,1,0
BRDA:18,2,0,0
BRDA:18,2,1,0
BRDA:20,3,0,0
BRDA:20,3,1,0
BRDA:7,4,0,1
BRDA:7,4,1,0
BRDA:7,5,0,1
BRDA:7,5,1,1
BRF:12
BRH:3
end_of_record
TN:
SF:src\security\role.guard.ts
FN:7,(anonymous_2)
FN:9,(anonymous_3)
FN:44,(anonymous_4)
FNF:3
FNH:0
FNDA:0,(anonymous_2)
FNDA:0,(anonymous_3)
FNDA:0,(anonymous_4)
DA:1,0
DA:2,0
DA:3,0
DA:6,0
DA:7,0
DA:10,0
DA:11,0
DA:12,0
DA:13,0
DA:14,0
DA:16,0
DA:17,0
DA:18,0
DA:19,0
DA:22,0
DA:23,0
DA:24,0
DA:25,0
DA:29,0
DA:30,0
DA:31,0
DA:35,0
DA:36,0
DA:38,0
DA:39,0
DA:41,0
DA:45,0
DA:46,0
DA:47,0
DA:49,0
LF:30
LH:0
BRDA:13,0,0,0
BRDA:13,0,1,0
BRDA:22,1,0,0
BRDA:22,1,1,0
BRDA:24,2,0,0
BRDA:24,2,1,0
BRDA:30,3,0,0
BRDA:30,3,1,0
BRDA:35,4,0,0
BRDA:35,4,1,0
BRDA:39,5,0,0
BRDA:39,5,1,0
BRDA:46,6,0,0
BRDA:46,6,1,0
BRDA:7,7,0,0
BRDA:7,7,1,0
BRDA:7,8,0,0
BRDA:7,8,1,0
BRDA:7,9,0,0
BRDA:7,9,1,0
BRDA:7,10,0,0
BRDA:7,10,1,0
BRF:22
BRH:0
end_of_record
TN:
SF:src\uploads\uploads.controller.ts
FN:18,filename
FN:29,(anonymous_5)
FN:32,(anonymous_6)
FN:77,(anonymous_7)
FN:78,(anonymous_8)
FN:112,(anonymous_9)
FN:132,(anonymous_10)
FN:67,(anonymous_11)
FN:88,(anonymous_12)
FN:99,(anonymous_13)
FNF:10
FNH:0
FNDA:0,filename
FNDA:0,(anonymous_5)
FNDA:0,(anonymous_6)
FNDA:0,(anonymous_7)
FNDA:0,(anonymous_8)
FNDA:0,(anonymous_9)
FNDA:0,(anonymous_10)
FNDA:0,(anonymous_11)
FNDA:0,(anonymous_12)
FNDA:0,(anonymous_13)
DA:1,0
DA:13,0
DA:14,0
DA:15,0
DA:16,0
DA:19,0
DA:20,0
DA:21,0
DA:25,0
DA:29,0
DA:30,0
DA:31,0
DA:32,0
DA:33,0
DA:34,0
DA:35,0
DA:36,0
DA:37,0
DA:38,0
DA:39,0
DA:41,0
DA:47,0
DA:50,0
DA:51,0
DA:58,0
DA:68,0
DA:69,0
DA:70,0
DA:71,0
DA:77,0
DA:78,0
DA:79,0
DA:80,0
DA:90,0
DA:91,0
DA:92,0
DA:93,0
DA:95,0
DA:96,0
DA:101,0
DA:102,0
DA:103,0
DA:104,0
DA:105,0
DA:107,0
DA:112,0
DA:113,0
DA:114,0
DA:115,0
DA:118,0
DA:119,0
DA:127,0
DA:132,0
DA:133,0
DA:134,0
DA:135,0
DA:138,0
DA:139,0
DA:141,0
DA:142,0
DA:143,0
DA:144,0
DA:146,0
DA:147,0
LF:64
LH:0
BRDA:32,0,0,0
BRDA:38,1,0,0
BRDA:38,1,1,0
BRDA:78,2,0,0
BRDA:78,2,1,0
BRDA:113,3,0,0
BRDA:113,3,1,0
BRDA:133,4,0,0
BRDA:133,4,1,0
BRDA:133,5,0,0
BRDA:133,5,1,0
BRDA:101,6,0,0
BRDA:101,6,1,0
BRF:13
BRH:0
end_of_record
TN:
SF:src\uploads\uploads.module.ts
FNF:0
FNH:0
DA:1,0
DA:2,0
DA:7,0
LF:3
LH:0
BRF:0
BRH:0
end_of_record
TN:
SF:src\user\user.controller.ts
FN:24,(anonymous_4)
FN:27,(anonymous_5)
FN:33,(anonymous_6)
FN:39,(anonymous_7)
FN:45,(anonymous_8)
FN:52,(anonymous_9)
FNF:6
FNH:0
FNDA:0,(anonymous_4)
FNDA:0,(anonymous_5)
FNDA:0,(anonymous_6)
FNDA:0,(anonymous_7)
FNDA:0,(anonymous_8)
FNDA:0,(anonymous_9)
DA:3,0
DA:16,0
DA:17,0
DA:18,0
DA:19,0
DA:20,0
DA:23,0
DA:24,0
DA:27,0
DA:28,0
DA:33,0
DA:34,0
DA:39,0
DA:40,0
DA:45,0
DA:46,0
DA:52,0
DA:53,0
LF:18
LH:0
BRDA:27,0,0,0
BRDA:27,0,1,0
BRDA:27,1,0,0
BRDA:27,1,1,0
BRDA:39,2,0,0
BRDA:39,2,1,0
BRDA:39,3,0,0
BRDA:39,3,1,0
BRDA:24,4,0,0
BRDA:24,4,1,0
BRDA:24,5,0,0
BRDA:24,5,1,0
BRF:12
BRH:0
end_of_record
TN:
SF:src\user\user.module.ts
FN:15,(anonymous_1)
FN:16,(anonymous_2)
FNF:2
FNH:0
FNDA:0,(anonymous_1)
FNDA:0,(anonymous_2)
DA:1,0
DA:2,0
DA:4,0
DA:5,0
DA:6,0
DA:8,0
DA:9,0
DA:15,0
DA:16,0
DA:25,0
LF:10
LH:0
BRF:0
BRH:0
end_of_record
TN:
SF:src\user\user.service.ts
FN:11,(anonymous_13)
FN:16,(anonymous_14)
FN:22,(anonymous_15)
FN:39,(anonymous_16)
FN:41,(anonymous_17)
FN:44,(anonymous_18)
FN:51,(anonymous_19)
FN:59,(anonymous_20)
FN:71,(anonymous_21)
FNF:9
FNH:8
FNDA:10,(anonymous_13)
FNDA:2,(anonymous_14)
FNDA:2,(anonymous_15)
FNDA:1,(anonymous_16)
FNDA:1,(anonymous_17)
FNDA:2,(anonymous_18)
FNDA:0,(anonymous_19)
FNDA:2,(anonymous_20)
FNDA:2,(anonymous_21)
DA:1,3
DA:2,3
DA:3,3
DA:4,3
DA:5,3
DA:10,3
DA:13,10
DA:17,2
DA:18,2
DA:19,2
DA:23,2
DA:24,2
DA:26,1
DA:27,1
DA:28,1
DA:31,0
DA:33,0
DA:34,0
DA:36,0
DA:40,1
DA:41,1
DA:45,2
DA:46,2
DA:47,1
DA:52,0
DA:56,0
DA:60,2
DA:61,1
DA:62,1
DA:65,1
DA:66,1
DA:67,1
DA:68,0
DA:72,2
DA:73,2
DA:74,1
LF:36
LH:29
BRDA:17,0,0,0
BRDA:17,0,1,2
BRDA:24,1,0,1
BRDA:24,1,1,1
BRDA:26,2,0,1
BRDA:26,2,1,0
BRDA:28,3,0,1
BRDA:28,3,1,0
BRDA:46,4,0,1
BRDA:46,4,1,1
BRDA:60,5,0,1
BRDA:60,5,1,1
BRDA:62,6,0,1
BRDA:62,6,1,0
BRDA:62,7,0,1
BRDA:62,7,1,1
BRDA:67,8,0,1
BRDA:67,8,1,0
BRDA:73,9,0,1
BRDA:73,9,1,1
BRDA:13,10,0,3
BRDA:13,10,1,0
BRDA:13,11,0,3
BRDA:13,11,1,3
BRF:24
BRH:18
end_of_record
TN:
SF:src\user\dto\create-user.dto.ts
FNF:0
FNH:0
DA:1,0
LF:1
LH:0
BRF:0
BRH:0
end_of_record
TN:
SF:src\user\dto\update-user.dto.ts
FNF:0
FNH:0
DA:1,0
DA:2,0
DA:4,0
LF:3
LH:0
BRF:0
BRH:0
end_of_record
TN:
SF:src\user\entities\user.entity.ts
FN:34,(anonymous_2)
FN:34,(anonymous_3)
FN:38,(anonymous_4)
FN:38,(anonymous_5)
FNF:4
FNH:0
FNDA:0,(anonymous_2)
FNDA:0,(anonymous_3)
FNDA:0,(anonymous_4)
FNDA:0,(anonymous_5)
DA:1,5
DA:10,5
DA:11,5
DA:14,5
DA:16,5
DA:19,5
DA:22,5
DA:25,5
DA:28,5
DA:31,5
DA:34,0
DA:35,5
DA:38,0
DA:39,5
DA:42,5
DA:45,5
DA:48,5
DA:51,5
LF:18
LH:16
BRDA:45,0,0,5
BRDA:45,0,1,0
BRDA:45,1,0,5
BRDA:45,1,1,5
BRDA:48,2,0,5
BRDA:48,2,1,0
BRDA:48,3,0,5
BRDA:48,3,1,5
BRF:8
BRH:6
end_of_record
